-------------------------------------------------------------------------------
Test set: se.nackademin.librarytest.SelenideTest
-------------------------------------------------------------------------------
Tests run: 1, Failures: 1, Errors: 0, Skipped: 0, Time elapsed: 14.446 sec <<< FAILURE! - in se.nackademin.librarytest.SelenideTest
testBorrowBook(se.nackademin.librarytest.SelenideTest)  Time elapsed: 14.375 sec  <<< FAILURE!
com.codeborne.selenide.ex.ElementNotFound: Element not found {#gwt-uid-3}
Expected: exist
	at sun.reflect.GeneratedConstructorAccessor11.newInstance(Unknown Source)
	at sun.reflect.DelegatingConstructorAccessorImpl.newInstance(DelegatingConstructorAccessorImpl.java:45)
	at java.lang.reflect.Constructor.newInstance(Constructor.java:423)
	at org.openqa.selenium.remote.ErrorHandler.createThrowable(ErrorHandler.java:206)
	at org.openqa.selenium.remote.ErrorHandler.throwIfResponseFailed(ErrorHandler.java:158)
	at org.openqa.selenium.remote.RemoteWebDriver.execute(RemoteWebDriver.java:678)
	at org.openqa.selenium.remote.RemoteWebDriver.findElement(RemoteWebDriver.java:363)
	at org.openqa.selenium.remote.RemoteWebDriver.findElementByCssSelector(RemoteWebDriver.java:492)
	at org.openqa.selenium.By$ByCssSelector.findElement(By.java:430)
	at org.openqa.selenium.remote.RemoteWebDriver.findElement(RemoteWebDriver.java:355)
	at com.codeborne.selenide.impl.WebElementSelector.findElement(WebElementSelector.java:28)
	at com.codeborne.selenide.impl.ElementFinder.getWebElement(ElementFinder.java:56)
	at com.codeborne.selenide.impl.SelenideElementProxy.dispatchAndRetry(SelenideElementProxy.java:85)
	at com.codeborne.selenide.impl.SelenideElementProxy.invoke(SelenideElementProxy.java:58)
	at com.sun.proxy.$Proxy8.clear(Unknown Source)
	at se.nackademin.librarytest.pages.BrowseBooksPage.setTitleFiled(BrowseBooksPage.java:23)
	at se.nackademin.librarytest.helpers.BookHelper.fetchBook(BookHelper.java:29)
	at se.nackademin.librarytest.SelenideTest.testBorrowBook(SelenideTest.java:221)

