-------------------------------------------------------------------------------
Test set: se.nackademin.librarytest.SelenideTest
-------------------------------------------------------------------------------
Tests run: 1, Failures: 1, Errors: 0, Skipped: 0, Time elapsed: 17.308 sec <<< FAILURE! - in se.nackademin.librarytest.SelenideTest
testBorrowBook(se.nackademin.librarytest.SelenideTest)  Time elapsed: 17.216 sec  <<< FAILURE!
org.junit.ComparisonFailure: Nr off available book after return book expected:<[8]> but was:<[7]>
	at org.junit.Assert.assertEquals(Assert.java:115)
	at se.nackademin.librarytest.SelenideTest.testBorrowBook(SelenideTest.java:208)

