<?xml version="1.0" encoding="UTF-8"?>
<testsuite name="se.nackademin.librarytest.SelenideTest" time="364.146" tests="1" errors="0" skipped="0" failures="1">
  <properties>
[...]
</properties>
  <testcase name="testChangePublishDateBook" classname="se.nackademin.librarytest.SelenideTest" time="364.146">
    <failure message="Published date should be, &apos;2017-05-21&apos; expected:&lt;Sun May 21 00:00:00 CEST 2017&gt; but was:&lt;Sun Jan 01 00:00:00 CET 2017&gt;" type="java.lang.AssertionError"><![CDATA[java.lang.AssertionError: Published date should be, '2017-05-21' expected:<Sun May 21 00:00:00 CEST 2017> but was:<Sun Jan 01 00:00:00 CET 2017>
	at org.junit.Assert.fail(Assert.java:88)
	at org.junit.Assert.failNotEquals(Assert.java:834)
	at org.junit.Assert.assertEquals(Assert.java:118)
	at se.nackademin.librarytest.SelenideTest.testChangePublishDateBook(SelenideTest.java:164)
]]></failure>
    <system-out><![CDATA[Sun Jan 01 00:00:00 CET 2017
Sun Jan 01 00:00:00 CET 2017]]></system-out>
    <system-err><![CDATA[Starting ChromeDriver 2.29.461599 (8cfe70b3bca63aec509c39bf48c384e7eba3372b) on port 2845
Only local connections are allowed.
May 21, 2017 8:54:05 PM com.codeborne.selenide.webdriver.WebDriverFactory createWebDriver
INFO: BrowserName=chrome Version=58.0.3029.110 Platform=LINUX
May 21, 2017 8:54:06 PM com.codeborne.selenide.webdriver.WebDriverFactory createWebDriver
INFO: Selenide v. 3.5.1
May 21, 2017 8:54:06 PM com.codeborne.selenide.webdriver.WebDriverFactory createWebDriver
INFO: Selenium WebDriver v. 2.53.0 build time: 2016-03-15 10:43:46
May 21, 2017 8:54:06 PM com.codeborne.selenide.impl.WebDriverThreadLocalContainer createDriver
INFO: Create webdriver in current thread 1: ChromeDriver -> ChromeDriver: chrome on LINUX (aad273548f6963315887b9dcaf841733)
May 21, 2017 8:54:06 PM se.nackademin.librarytest.pages.PageBase clickButton
INFO: Clicking{0}Sign in
May 21, 2017 8:55:37 PM se.nackademin.librarytest.pages.PageBase clickButton
INFO: Clicking{0}Browse Books
May 21, 2017 8:59:43 PM se.nackademin.librarytest.pages.PageBase clickButton
INFO: Clicking{0}Save book button
May 21, 2017 8:59:47 PM se.nackademin.librarytest.pages.PageBase clickButton
INFO: Clicking{0}Browse Books
]]></system-err>
  </testcase>
</testsuite>