-------------------------------------------------------------------------------
Test set: se.nackademin.librarytest.SelenideTest
-------------------------------------------------------------------------------
Tests run: 12, Failures: 5, Errors: 0, Skipped: 3, Time elapsed: 91.126 sec <<< FAILURE! - in se.nackademin.librarytest.SelenideTest
testAddNewBook(se.nackademin.librarytest.SelenideTest)  Time elapsed: 17.108 sec  <<< FAILURE!
com.codeborne.selenide.ex.ElementNotFound: Element not found {td.v-grid-cell:nth-child(1) > a:nth-child(1)}
Expected: visible
	at sun.reflect.GeneratedConstructorAccessor10.newInstance(Unknown Source)
	at sun.reflect.DelegatingConstructorAccessorImpl.newInstance(DelegatingConstructorAccessorImpl.java:45)
	at java.lang.reflect.Constructor.newInstance(Constructor.java:423)
	at org.openqa.selenium.remote.ErrorHandler.createThrowable(ErrorHandler.java:206)
	at org.openqa.selenium.remote.ErrorHandler.throwIfResponseFailed(ErrorHandler.java:158)
	at org.openqa.selenium.remote.RemoteWebDriver.execute(RemoteWebDriver.java:678)
	at org.openqa.selenium.remote.RemoteWebDriver.findElement(RemoteWebDriver.java:363)
	at org.openqa.selenium.remote.RemoteWebDriver.findElementByCssSelector(RemoteWebDriver.java:492)
	at org.openqa.selenium.By$ByCssSelector.findElement(By.java:430)
	at org.openqa.selenium.remote.RemoteWebDriver.findElement(RemoteWebDriver.java:355)
	at com.codeborne.selenide.impl.WebElementSelector.findElement(WebElementSelector.java:28)
	at com.codeborne.selenide.impl.ElementFinder.getWebElement(ElementFinder.java:56)
	at com.codeborne.selenide.impl.WebElementSource.checkCondition(WebElementSource.java:44)
	at com.codeborne.selenide.impl.WebElementSource.findAndAssertElementIsVisible(WebElementSource.java:72)
	at com.codeborne.selenide.commands.Click.execute(Click.java:14)
	at com.codeborne.selenide.commands.Click.execute(Click.java:11)
	at com.codeborne.selenide.commands.Commands.execute(Commands.java:136)
	at com.codeborne.selenide.impl.SelenideElementProxy.dispatchAndRetry(SelenideElementProxy.java:82)
	at com.codeborne.selenide.impl.SelenideElementProxy.invoke(SelenideElementProxy.java:58)
	at com.sun.proxy.$Proxy8.click(Unknown Source)
	at se.nackademin.librarytest.pages.BrowseBooksPage.clickFirstResultTitle(BrowseBooksPage.java:18)
	at se.nackademin.librarytest.helpers.BookHelper.fetchBook(BookHelper.java:71)
	at se.nackademin.librarytest.SelenideTest.testAddNewBook(SelenideTest.java:181)

testLogin(se.nackademin.librarytest.SelenideTest)  Time elapsed: 9.065 sec  <<< FAILURE!
org.junit.ComparisonFailure: Username should be shown in profile expected:<[7d5c41c3-326b-4747-accc-26ff8bccd607]> but was:<[admin]>
	at org.junit.Assert.assertEquals(Assert.java:115)
	at se.nackademin.librarytest.SelenideTest.testLogin(SelenideTest.java:107)

tesTable(se.nackademin.librarytest.SelenideTest)  Time elapsed: 11.298 sec  <<< FAILURE!
com.codeborne.selenide.ex.ElementNotFound: Element not found {.v-grid-tablewrapper}
Expected: exist
	at sun.reflect.GeneratedConstructorAccessor10.newInstance(Unknown Source)
	at sun.reflect.DelegatingConstructorAccessorImpl.newInstance(DelegatingConstructorAccessorImpl.java:45)
	at java.lang.reflect.Constructor.newInstance(Constructor.java:423)
	at org.openqa.selenium.remote.ErrorHandler.createThrowable(ErrorHandler.java:206)
	at org.openqa.selenium.remote.ErrorHandler.throwIfResponseFailed(ErrorHandler.java:158)
	at org.openqa.selenium.remote.RemoteWebDriver.execute(RemoteWebDriver.java:678)
	at org.openqa.selenium.remote.RemoteWebDriver.findElement(RemoteWebDriver.java:363)
	at org.openqa.selenium.remote.RemoteWebDriver.findElementByCssSelector(RemoteWebDriver.java:492)
	at org.openqa.selenium.By$ByCssSelector.findElement(By.java:430)
	at org.openqa.selenium.remote.RemoteWebDriver.findElement(RemoteWebDriver.java:355)
	at com.codeborne.selenide.impl.WebElementSelector.findElement(WebElementSelector.java:28)
	at com.codeborne.selenide.impl.ElementFinder.getWebElement(ElementFinder.java:56)
	at com.codeborne.selenide.impl.SelenideElementProxy.dispatchAndRetry(SelenideElementProxy.java:85)
	at com.codeborne.selenide.impl.SelenideElementProxy.invoke(SelenideElementProxy.java:58)
	at com.sun.proxy.$Proxy8.findElements(Unknown Source)
	at com.codeborne.selenide.impl.WebElementSelector.findElements(WebElementSelector.java:37)
	at com.codeborne.selenide.impl.BySelectorCollection.getActualElements(BySelectorCollection.java:28)
	at com.codeborne.selenide.ElementsCollection.getActualElements(ElementsCollection.java:169)
	at com.codeborne.selenide.ElementsCollection.size(ElementsCollection.java:253)
	at se.nackademin.librarytest.helpers.Table.getRowCount(Table.java:15)
	at se.nackademin.librarytest.helpers.Table.searchAndClick(Table.java:40)
	at se.nackademin.librarytest.SelenideTest.tesTable(SelenideTest.java:75)

testChangePublishDateBook(se.nackademin.librarytest.SelenideTest)  Time elapsed: 7.822 sec  <<< FAILURE!
com.codeborne.selenide.ex.ElementNotFound: Element not found {#gwt-uid-3}
Expected: exist
	at sun.reflect.GeneratedConstructorAccessor10.newInstance(Unknown Source)
	at sun.reflect.DelegatingConstructorAccessorImpl.newInstance(DelegatingConstructorAccessorImpl.java:45)
	at java.lang.reflect.Constructor.newInstance(Constructor.java:423)
	at org.openqa.selenium.remote.ErrorHandler.createThrowable(ErrorHandler.java:206)
	at org.openqa.selenium.remote.ErrorHandler.throwIfResponseFailed(ErrorHandler.java:158)
	at org.openqa.selenium.remote.RemoteWebDriver.execute(RemoteWebDriver.java:678)
	at org.openqa.selenium.remote.RemoteWebDriver.findElement(RemoteWebDriver.java:363)
	at org.openqa.selenium.remote.RemoteWebDriver.findElementByCssSelector(RemoteWebDriver.java:492)
	at org.openqa.selenium.By$ByCssSelector.findElement(By.java:430)
	at org.openqa.selenium.remote.RemoteWebDriver.findElement(RemoteWebDriver.java:355)
	at com.codeborne.selenide.impl.WebElementSelector.findElement(WebElementSelector.java:28)
	at com.codeborne.selenide.impl.ElementFinder.getWebElement(ElementFinder.java:56)
	at com.codeborne.selenide.impl.SelenideElementProxy.dispatchAndRetry(SelenideElementProxy.java:85)
	at com.codeborne.selenide.impl.SelenideElementProxy.invoke(SelenideElementProxy.java:58)
	at com.sun.proxy.$Proxy8.clear(Unknown Source)
	at se.nackademin.librarytest.pages.BrowseBooksPage.setTitleFiled(BrowseBooksPage.java:23)
	at se.nackademin.librarytest.helpers.BookHelper.fetchBook(BookHelper.java:68)
	at se.nackademin.librarytest.SelenideTest.testChangePublishDateBook(SelenideTest.java:204)

testBorrowBook(se.nackademin.librarytest.SelenideTest)  Time elapsed: 10.965 sec  <<< FAILURE!
com.codeborne.selenide.ex.ElementNotFound: Element not found {td.v-grid-cell:nth-child(1) > a:nth-child(1)}
Expected: visible
	at sun.reflect.GeneratedConstructorAccessor10.newInstance(Unknown Source)
	at sun.reflect.DelegatingConstructorAccessorImpl.newInstance(DelegatingConstructorAccessorImpl.java:45)
	at java.lang.reflect.Constructor.newInstance(Constructor.java:423)
	at org.openqa.selenium.remote.ErrorHandler.createThrowable(ErrorHandler.java:206)
	at org.openqa.selenium.remote.ErrorHandler.throwIfResponseFailed(ErrorHandler.java:158)
	at org.openqa.selenium.remote.RemoteWebDriver.execute(RemoteWebDriver.java:678)
	at org.openqa.selenium.remote.RemoteWebDriver.findElement(RemoteWebDriver.java:363)
	at org.openqa.selenium.remote.RemoteWebDriver.findElementByCssSelector(RemoteWebDriver.java:492)
	at org.openqa.selenium.By$ByCssSelector.findElement(By.java:430)
	at org.openqa.selenium.remote.RemoteWebDriver.findElement(RemoteWebDriver.java:355)
	at com.codeborne.selenide.impl.WebElementSelector.findElement(WebElementSelector.java:28)
	at com.codeborne.selenide.impl.ElementFinder.getWebElement(ElementFinder.java:56)
	at com.codeborne.selenide.impl.WebElementSource.checkCondition(WebElementSource.java:44)
	at com.codeborne.selenide.impl.WebElementSource.findAndAssertElementIsVisible(WebElementSource.java:72)
	at com.codeborne.selenide.commands.Click.execute(Click.java:14)
	at com.codeborne.selenide.commands.Click.execute(Click.java:11)
	at com.codeborne.selenide.commands.Commands.execute(Commands.java:136)
	at com.codeborne.selenide.impl.SelenideElementProxy.dispatchAndRetry(SelenideElementProxy.java:82)
	at com.codeborne.selenide.impl.SelenideElementProxy.invoke(SelenideElementProxy.java:58)
	at com.sun.proxy.$Proxy8.click(Unknown Source)
	at se.nackademin.librarytest.pages.BrowseBooksPage.clickFirstResultTitle(BrowseBooksPage.java:18)
	at se.nackademin.librarytest.helpers.BookHelper.fetchBook(BookHelper.java:71)
	at se.nackademin.librarytest.SelenideTest.testBorrowBook(SelenideTest.java:230)

