<?xml version="1.0" encoding="UTF-8"?>
<testsuite name="se.nackademin.librarytest.SelenideTest" time="87.824" tests="12" errors="0" skipped="3" failures="5">
  <properties>
[...]
</properties>
  <testcase name="testAddNewBook" classname="se.nackademin.librarytest.SelenideTest" time="17.152">
    <failure message="Element not found {td.v-grid-cell:nth-child(1) &gt; a:nth-child(1)}&#10;Expected: visible" type="com.codeborne.selenide.ex.ElementNotFound">com.codeborne.selenide.ex.ElementNotFound: Element not found {td.v-grid-cell:nth-child(1) > a:nth-child(1)}
Expected: visible
	at sun.reflect.GeneratedConstructorAccessor10.newInstance(Unknown Source)
	at sun.reflect.DelegatingConstructorAccessorImpl.newInstance(DelegatingConstructorAccessorImpl.java:45)
	at java.lang.reflect.Constructor.newInstance(Constructor.java:423)
	at org.openqa.selenium.remote.ErrorHandler.createThrowable(ErrorHandler.java:206)
	at org.openqa.selenium.remote.ErrorHandler.throwIfResponseFailed(ErrorHandler.java:158)
	at org.openqa.selenium.remote.RemoteWebDriver.execute(RemoteWebDriver.java:678)
	at org.openqa.selenium.remote.RemoteWebDriver.findElement(RemoteWebDriver.java:363)
	at org.openqa.selenium.remote.RemoteWebDriver.findElementByCssSelector(RemoteWebDriver.java:492)
	at org.openqa.selenium.By$ByCssSelector.findElement(By.java:430)
	at org.openqa.selenium.remote.RemoteWebDriver.findElement(RemoteWebDriver.java:355)
	at com.codeborne.selenide.impl.WebElementSelector.findElement(WebElementSelector.java:28)
	at com.codeborne.selenide.impl.ElementFinder.getWebElement(ElementFinder.java:56)
	at com.codeborne.selenide.impl.WebElementSource.checkCondition(WebElementSource.java:44)
	at com.codeborne.selenide.impl.WebElementSource.findAndAssertElementIsVisible(WebElementSource.java:72)
	at com.codeborne.selenide.commands.Click.execute(Click.java:14)
	at com.codeborne.selenide.commands.Click.execute(Click.java:11)
	at com.codeborne.selenide.commands.Commands.execute(Commands.java:136)
	at com.codeborne.selenide.impl.SelenideElementProxy.dispatchAndRetry(SelenideElementProxy.java:82)
	at com.codeborne.selenide.impl.SelenideElementProxy.invoke(SelenideElementProxy.java:58)
	at com.sun.proxy.$Proxy8.click(Unknown Source)
	at se.nackademin.librarytest.pages.BrowseBooksPage.clickFirstResultTitle(BrowseBooksPage.java:18)
	at se.nackademin.librarytest.helpers.BookHelper.fetchBook(BookHelper.java:71)
	at se.nackademin.librarytest.SelenideTest.testAddNewBook(SelenideTest.java:179)
</failure>
    <system-err><![CDATA[Starting ChromeDriver 2.29.461599 (8cfe70b3bca63aec509c39bf48c384e7eba3372b) on port 10869
Only local connections are allowed.
Jun 21, 2017 9:46:19 AM com.codeborne.selenide.webdriver.WebDriverFactory createWebDriver
INFO: BrowserName=chrome Version=58.0.3029.110 Platform=LINUX
Jun 21, 2017 9:46:19 AM com.codeborne.selenide.webdriver.WebDriverFactory createWebDriver
INFO: Selenide v. 3.5.1
Jun 21, 2017 9:46:19 AM com.codeborne.selenide.webdriver.WebDriverFactory createWebDriver
INFO: Selenium WebDriver v. 2.53.0 build time: 2016-03-15 10:43:46
Jun 21, 2017 9:46:19 AM com.codeborne.selenide.impl.WebDriverThreadLocalContainer createDriver
INFO: Create webdriver in current thread 1: ChromeDriver -> ChromeDriver: chrome on LINUX (1aeabec50531be90d7e305bfab24f54e)
Jun 21, 2017 9:46:19 AM se.nackademin.librarytest.pages.PageBase clickButton
INFO: Clicking{0}Sign in
Jun 21, 2017 9:46:22 AM se.nackademin.librarytest.pages.PageBase clickButton
INFO: Clicking{0}Add book
Jun 21, 2017 9:46:25 AM se.nackademin.librarytest.pages.PageBase clickButton
INFO: Clicking{0}Add book button
Jun 21, 2017 9:46:25 AM se.nackademin.librarytest.pages.PageBase clickButton
INFO: Clicking{0}Browse Books
]]></system-err>
  </testcase>
  <testcase name="testLogin" classname="se.nackademin.librarytest.SelenideTest" time="12.752">
    <failure message="Element not found {#gwt-uid-5}&#10;Expected: exist" type="com.codeborne.selenide.ex.ElementNotFound">com.codeborne.selenide.ex.ElementNotFound: Element not found {#gwt-uid-5}
Expected: exist
	at sun.reflect.GeneratedConstructorAccessor10.newInstance(Unknown Source)
	at sun.reflect.DelegatingConstructorAccessorImpl.newInstance(DelegatingConstructorAccessorImpl.java:45)
	at java.lang.reflect.Constructor.newInstance(Constructor.java:423)
	at org.openqa.selenium.remote.ErrorHandler.createThrowable(ErrorHandler.java:206)
	at org.openqa.selenium.remote.ErrorHandler.throwIfResponseFailed(ErrorHandler.java:158)
	at org.openqa.selenium.remote.RemoteWebDriver.execute(RemoteWebDriver.java:678)
	at org.openqa.selenium.remote.RemoteWebDriver.findElement(RemoteWebDriver.java:363)
	at org.openqa.selenium.remote.RemoteWebDriver.findElementByCssSelector(RemoteWebDriver.java:492)
	at org.openqa.selenium.By$ByCssSelector.findElement(By.java:430)
	at org.openqa.selenium.remote.RemoteWebDriver.findElement(RemoteWebDriver.java:355)
	at com.codeborne.selenide.impl.WebElementSelector.findElement(WebElementSelector.java:28)
	at com.codeborne.selenide.impl.ElementFinder.getWebElement(ElementFinder.java:56)
	at com.codeborne.selenide.commands.GetText.execute(GetText.java:13)
	at com.codeborne.selenide.commands.GetText.execute(GetText.java:8)
	at com.codeborne.selenide.commands.Commands.execute(Commands.java:136)
	at com.codeborne.selenide.impl.SelenideElementProxy.dispatchAndRetry(SelenideElementProxy.java:82)
	at com.codeborne.selenide.impl.SelenideElementProxy.invoke(SelenideElementProxy.java:58)
	at com.sun.proxy.$Proxy8.getText(Unknown Source)
	at se.nackademin.librarytest.pages.UserProfilePage.getUserName(UserProfilePage.java:49)
	at se.nackademin.librarytest.SelenideTest.testLogin(SelenideTest.java:104)
</failure>
    <system-out><![CDATA[[2017-06-21 09:46:33:431] [main] INFO BrowserManager - Reading https://chromedriver.storage.googleapis.com/ to seek [chromedriver]
[2017-06-21 09:46:34:415] [main] INFO BrowserManager - Latest version of [chromedriver] is 2.30
[2017-06-21 09:46:34:431] [main] INFO BrowserManager - Exporting webdriver.chrome.driver as /home/testautom-nack/.m2/repository/webdriver/chromedriver/linux32/2.30/chromedriver
]]></system-out>
    <system-err><![CDATA[Jun 21, 2017 9:46:34 AM se.nackademin.librarytest.pages.PageBase clickButton
INFO: Clicking{0}Add user
Jun 21, 2017 9:46:35 AM se.nackademin.librarytest.pages.PageBase setTextFieldValue
INFO: settingnUser name filedtoe7d3d5d3-0524-480c-be9c-456267c50077
Jun 21, 2017 9:46:36 AM se.nackademin.librarytest.pages.PageBase setTextFieldValue
INFO: settingnPassword filedtoe7d3d5d3-0524-480c-be9c-456267c50077
Jun 21, 2017 9:46:37 AM se.nackademin.librarytest.pages.PageBase clickButton
INFO: Clicking{0}Add user button
Jun 21, 2017 9:46:37 AM se.nackademin.librarytest.pages.PageBase clickButton
INFO: Clicking{0}Sign in
Jun 21, 2017 9:46:40 AM se.nackademin.librarytest.pages.PageBase clickButton
INFO: Clicking{0}My profile
]]></system-err>
  </testcase>
  <testcase name="tesTable" classname="se.nackademin.librarytest.SelenideTest" time="4.752">
    <failure message="Element not found {#side-menu-link-add-user}&#10;Expected: visible" type="com.codeborne.selenide.ex.ElementNotFound">com.codeborne.selenide.ex.ElementNotFound: Element not found {#side-menu-link-add-user}
Expected: visible
	at sun.reflect.GeneratedConstructorAccessor10.newInstance(Unknown Source)
	at sun.reflect.DelegatingConstructorAccessorImpl.newInstance(DelegatingConstructorAccessorImpl.java:45)
	at java.lang.reflect.Constructor.newInstance(Constructor.java:423)
	at org.openqa.selenium.remote.ErrorHandler.createThrowable(ErrorHandler.java:206)
	at org.openqa.selenium.remote.ErrorHandler.throwIfResponseFailed(ErrorHandler.java:158)
	at org.openqa.selenium.remote.RemoteWebDriver.execute(RemoteWebDriver.java:678)
	at org.openqa.selenium.remote.RemoteWebDriver.findElement(RemoteWebDriver.java:363)
	at org.openqa.selenium.remote.RemoteWebDriver.findElementByCssSelector(RemoteWebDriver.java:492)
	at org.openqa.selenium.By$ByCssSelector.findElement(By.java:430)
	at org.openqa.selenium.remote.RemoteWebDriver.findElement(RemoteWebDriver.java:355)
	at com.codeborne.selenide.impl.WebElementSelector.findElement(WebElementSelector.java:28)
	at com.codeborne.selenide.impl.ElementFinder.getWebElement(ElementFinder.java:56)
	at com.codeborne.selenide.impl.WebElementSource.checkCondition(WebElementSource.java:44)
	at com.codeborne.selenide.impl.WebElementSource.findAndAssertElementIsVisible(WebElementSource.java:72)
	at com.codeborne.selenide.commands.Click.execute(Click.java:14)
	at com.codeborne.selenide.commands.Click.execute(Click.java:11)
	at com.codeborne.selenide.commands.Commands.execute(Commands.java:136)
	at com.codeborne.selenide.impl.SelenideElementProxy.dispatchAndRetry(SelenideElementProxy.java:82)
	at com.codeborne.selenide.impl.SelenideElementProxy.invoke(SelenideElementProxy.java:58)
	at com.sun.proxy.$Proxy8.click(Unknown Source)
	at se.nackademin.librarytest.pages.PageBase.clickButton(PageBase.java:22)
	at se.nackademin.librarytest.pages.MenuPage.navigateToAddUser(MenuPage.java:38)
	at se.nackademin.librarytest.helpers.UserHelper.createNewUser(UserHelper.java:16)
	at se.nackademin.librarytest.SelenideTest.tesTable(SelenideTest.java:62)
</failure>
    <system-err><![CDATA[Jun 21, 2017 9:46:45 AM se.nackademin.librarytest.pages.PageBase clickButton
INFO: Clicking{0}Add user
]]></system-err>
  </testcase>
  <testcase name="testBrowseBook" classname="se.nackademin.librarytest.SelenideTest" time="0.162"/>
  <testcase name="testFetchAuthor" classname="se.nackademin.librarytest.SelenideTest" time="0">
    <skipped/>
  </testcase>
  <testcase name="testFetchBook" classname="se.nackademin.librarytest.SelenideTest" time="0">
    <skipped/>
  </testcase>
  <testcase name="testAddAuthor" classname="se.nackademin.librarytest.SelenideTest" time="13.961"/>
  <testcase name="testUsingTable" classname="se.nackademin.librarytest.SelenideTest" time="8.482"/>
  <testcase name="testChangePublishDateBook" classname="se.nackademin.librarytest.SelenideTest" time="7.738">
    <failure message="Element not found {#gwt-uid-3}&#10;Expected: exist" type="com.codeborne.selenide.ex.ElementNotFound">com.codeborne.selenide.ex.ElementNotFound: Element not found {#gwt-uid-3}
Expected: exist
	at sun.reflect.GeneratedConstructorAccessor10.newInstance(Unknown Source)
	at sun.reflect.DelegatingConstructorAccessorImpl.newInstance(DelegatingConstructorAccessorImpl.java:45)
	at java.lang.reflect.Constructor.newInstance(Constructor.java:423)
	at org.openqa.selenium.remote.ErrorHandler.createThrowable(ErrorHandler.java:206)
	at org.openqa.selenium.remote.ErrorHandler.throwIfResponseFailed(ErrorHandler.java:158)
	at org.openqa.selenium.remote.RemoteWebDriver.execute(RemoteWebDriver.java:678)
	at org.openqa.selenium.remote.RemoteWebDriver.findElement(RemoteWebDriver.java:363)
	at org.openqa.selenium.remote.RemoteWebDriver.findElementByCssSelector(RemoteWebDriver.java:492)
	at org.openqa.selenium.By$ByCssSelector.findElement(By.java:430)
	at org.openqa.selenium.remote.RemoteWebDriver.findElement(RemoteWebDriver.java:355)
	at com.codeborne.selenide.impl.WebElementSelector.findElement(WebElementSelector.java:28)
	at com.codeborne.selenide.impl.ElementFinder.getWebElement(ElementFinder.java:56)
	at com.codeborne.selenide.impl.SelenideElementProxy.dispatchAndRetry(SelenideElementProxy.java:85)
	at com.codeborne.selenide.impl.SelenideElementProxy.invoke(SelenideElementProxy.java:58)
	at com.sun.proxy.$Proxy8.clear(Unknown Source)
	at se.nackademin.librarytest.pages.BrowseBooksPage.setTitleFiled(BrowseBooksPage.java:23)
	at se.nackademin.librarytest.helpers.BookHelper.fetchBook(BookHelper.java:68)
	at se.nackademin.librarytest.SelenideTest.testChangePublishDateBook(SelenideTest.java:202)
</failure>
    <system-err><![CDATA[Jun 21, 2017 9:47:12 AM se.nackademin.librarytest.pages.PageBase clickButton
INFO: Clicking{0}Sign in
Jun 21, 2017 9:47:15 AM se.nackademin.librarytest.pages.PageBase clickButton
INFO: Clicking{0}Browse Books
]]></system-err>
  </testcase>
  <testcase name="testBorrowBook" classname="se.nackademin.librarytest.SelenideTest" time="10.807">
    <failure message="Element not found {td.v-grid-cell:nth-child(1) &gt; a:nth-child(1)}&#10;Expected: visible" type="com.codeborne.selenide.ex.ElementNotFound">com.codeborne.selenide.ex.ElementNotFound: Element not found {td.v-grid-cell:nth-child(1) > a:nth-child(1)}
Expected: visible
	at sun.reflect.GeneratedConstructorAccessor10.newInstance(Unknown Source)
	at sun.reflect.DelegatingConstructorAccessorImpl.newInstance(DelegatingConstructorAccessorImpl.java:45)
	at java.lang.reflect.Constructor.newInstance(Constructor.java:423)
	at org.openqa.selenium.remote.ErrorHandler.createThrowable(ErrorHandler.java:206)
	at org.openqa.selenium.remote.ErrorHandler.throwIfResponseFailed(ErrorHandler.java:158)
	at org.openqa.selenium.remote.RemoteWebDriver.execute(RemoteWebDriver.java:678)
	at org.openqa.selenium.remote.RemoteWebDriver.findElement(RemoteWebDriver.java:363)
	at org.openqa.selenium.remote.RemoteWebDriver.findElementByCssSelector(RemoteWebDriver.java:492)
	at org.openqa.selenium.By$ByCssSelector.findElement(By.java:430)
	at org.openqa.selenium.remote.RemoteWebDriver.findElement(RemoteWebDriver.java:355)
	at com.codeborne.selenide.impl.WebElementSelector.findElement(WebElementSelector.java:28)
	at com.codeborne.selenide.impl.ElementFinder.getWebElement(ElementFinder.java:56)
	at com.codeborne.selenide.impl.WebElementSource.checkCondition(WebElementSource.java:44)
	at com.codeborne.selenide.impl.WebElementSource.findAndAssertElementIsVisible(WebElementSource.java:72)
	at com.codeborne.selenide.commands.Click.execute(Click.java:14)
	at com.codeborne.selenide.commands.Click.execute(Click.java:11)
	at com.codeborne.selenide.commands.Commands.execute(Commands.java:136)
	at com.codeborne.selenide.impl.SelenideElementProxy.dispatchAndRetry(SelenideElementProxy.java:82)
	at com.codeborne.selenide.impl.SelenideElementProxy.invoke(SelenideElementProxy.java:58)
	at com.sun.proxy.$Proxy8.click(Unknown Source)
	at se.nackademin.librarytest.pages.BrowseBooksPage.clickFirstResultTitle(BrowseBooksPage.java:18)
	at se.nackademin.librarytest.helpers.BookHelper.fetchBook(BookHelper.java:71)
	at se.nackademin.librarytest.SelenideTest.testBorrowBook(SelenideTest.java:228)
</failure>
    <system-err><![CDATA[Jun 21, 2017 9:47:20 AM se.nackademin.librarytest.pages.PageBase clickButton
INFO: Clicking{0}Sign in
Jun 21, 2017 9:47:22 AM se.nackademin.librarytest.pages.PageBase clickButton
INFO: Clicking{0}Add book
Jun 21, 2017 9:47:24 AM se.nackademin.librarytest.pages.PageBase clickButton
INFO: Clicking{0}Add book button
Jun 21, 2017 9:47:24 AM se.nackademin.librarytest.pages.PageBase clickButton
INFO: Clicking{0}Browse Books
]]></system-err>
  </testcase>
  <testcase name="viewUserProfilePage" classname="se.nackademin.librarytest.SelenideTest" time="12.018"/>
  <testcase name="testChangeEmailFromMyProfile" classname="se.nackademin.librarytest.SelenideTest" time="0">
    <skipped/>
  </testcase>
</testsuite>