-------------------------------------------------------------------------------
Test set: se.nackademin.librarytest.librarytestsystem.librarytestsystem.LoanRestServiceTest
-------------------------------------------------------------------------------
Tests run: 9, Failures: 4, Errors: 0, Skipped: 1, Time elapsed: 2.494 sec <<< FAILURE! - in se.nackademin.librarytest.librarytestsystem.librarytestsystem.LoanRestServiceTest
testGetLoanWithSpicifiedID(se.nackademin.librarytest.librarytestsystem.librarytestsystem.LoanRestServiceTest)  Time elapsed: 1.658 sec  <<< FAILURE!
java.lang.AssertionError: Status code should be 201  expected:<201> but was:<400>
	at org.junit.Assert.fail(Assert.java:88)
	at org.junit.Assert.failNotEquals(Assert.java:834)
	at org.junit.Assert.assertEquals(Assert.java:645)
	at se.nackademin.librarytest.librarytestsystem.librarytestsystem.LoanRestServiceTest.testGetLoanWithSpicifiedID(LoanRestServiceTest.java:138)

testUpdateLoanWithNewData(se.nackademin.librarytest.librarytestsystem.librarytestsystem.LoanRestServiceTest)  Time elapsed: 0.031 sec  <<< FAILURE!
java.lang.AssertionError: Status code should be 201  expected:<201> but was:<400>
	at org.junit.Assert.fail(Assert.java:88)
	at org.junit.Assert.failNotEquals(Assert.java:834)
	at org.junit.Assert.assertEquals(Assert.java:645)
	at se.nackademin.librarytest.librarytestsystem.librarytestsystem.LoanRestServiceTest.testUpdateLoanWithNewData(LoanRestServiceTest.java:91)

testGetLoanoOfSpecifiedBookBySpecifiedUser(se.nackademin.librarytest.librarytestsystem.librarytestsystem.LoanRestServiceTest)  Time elapsed: 0.034 sec  <<< FAILURE!
java.lang.AssertionError: Status code should be 201  expected:<201> but was:<400>
	at org.junit.Assert.fail(Assert.java:88)
	at org.junit.Assert.failNotEquals(Assert.java:834)
	at org.junit.Assert.assertEquals(Assert.java:645)
	at se.nackademin.librarytest.librarytestsystem.librarytestsystem.BookRestServiceTest.createBook(BookRestServiceTest.java:258)
	at se.nackademin.librarytest.librarytestsystem.librarytestsystem.LoanRestServiceTest.testGetLoanoOfSpecifiedBookBySpecifiedUser(LoanRestServiceTest.java:308)

testGetAllLoansOfTheSpecifiedBook(se.nackademin.librarytest.librarytestsystem.librarytestsystem.LoanRestServiceTest)  Time elapsed: 0.208 sec  <<< FAILURE!
java.lang.AssertionError: Status code should be 201 expected:<201> but was:<409>
	at org.junit.Assert.fail(Assert.java:88)
	at org.junit.Assert.failNotEquals(Assert.java:834)
	at org.junit.Assert.assertEquals(Assert.java:645)
	at se.nackademin.librarytest.librarytestsystem.librarytestsystem.LoanRestServiceTest.testGetAllLoansOfTheSpecifiedBook(LoanRestServiceTest.java:293)

