-------------------------------------------------------------------------------
Test set: se.nackademin.librarytest.librarytestsystem.librarytestsystem.NegativLoanRestServiceTest
-------------------------------------------------------------------------------
Tests run: 19, Failures: 5, Errors: 0, Skipped: 4, Time elapsed: 0.586 sec <<< FAILURE! - in se.nackademin.librarytest.librarytestsystem.librarytestsystem.NegativLoanRestServiceTest
testCreateLoanBookNotFoundInDB_StatusCode400(se.nackademin.librarytest.librarytestsystem.librarytestsystem.NegativLoanRestServiceTest)  Time elapsed: 0.009 sec  <<< FAILURE!
java.lang.AssertionError: Status code should be 201  expected:<201> but was:<400>
	at org.junit.Assert.fail(Assert.java:88)
	at org.junit.Assert.failNotEquals(Assert.java:834)
	at org.junit.Assert.assertEquals(Assert.java:645)
	at se.nackademin.librarytest.librarytestsystem.librarytestsystem.NegativLoanRestServiceTest.testCreateLoanBookNotFoundInDB_StatusCode400(NegativLoanRestServiceTest.java:81)

testGetLoanOfSpecifiedBookNotFound_StatusCode404(se.nackademin.librarytest.librarytestsystem.librarytestsystem.NegativLoanRestServiceTest)  Time elapsed: 0.014 sec  <<< FAILURE!
java.lang.AssertionError: Status code should be 201  expected:<201> but was:<400>
	at org.junit.Assert.fail(Assert.java:88)
	at org.junit.Assert.failNotEquals(Assert.java:834)
	at org.junit.Assert.assertEquals(Assert.java:645)
	at se.nackademin.librarytest.librarytestsystem.librarytestsystem.NegativLoanRestServiceTest.testGetLoanOfSpecifiedBookNotFound_StatusCode404(NegativLoanRestServiceTest.java:542)

testPutLoanWithUserChanged_StatusCode400(se.nackademin.librarytest.librarytestsystem.librarytestsystem.NegativLoanRestServiceTest)  Time elapsed: 0.046 sec  <<< FAILURE!
java.lang.AssertionError: Status code should be 201  expected:<201> but was:<400>
	at org.junit.Assert.fail(Assert.java:88)
	at org.junit.Assert.failNotEquals(Assert.java:834)
	at org.junit.Assert.assertEquals(Assert.java:645)
	at se.nackademin.librarytest.librarytestsystem.librarytestsystem.NegativLoanRestServiceTest.testPutLoanWithUserChanged_StatusCode400(NegativLoanRestServiceTest.java:376)

testPutLoanNotFound_StatusCode404(se.nackademin.librarytest.librarytestsystem.librarytestsystem.NegativLoanRestServiceTest)  Time elapsed: 0.01 sec  <<< FAILURE!
java.lang.AssertionError: Status code should be 201  expected:<201> but was:<400>
	at org.junit.Assert.fail(Assert.java:88)
	at org.junit.Assert.failNotEquals(Assert.java:834)
	at org.junit.Assert.assertEquals(Assert.java:645)
	at se.nackademin.librarytest.librarytestsystem.librarytestsystem.NegativLoanRestServiceTest.testPutLoanNotFound_StatusCode404(NegativLoanRestServiceTest.java:435)

testPutLoanWithBookChanged_StatusCode400(se.nackademin.librarytest.librarytestsystem.librarytestsystem.NegativLoanRestServiceTest)  Time elapsed: 0.171 sec  <<< FAILURE!
java.lang.AssertionError: Status code should be 201  expected:<201> but was:<400>
	at org.junit.Assert.fail(Assert.java:88)
	at org.junit.Assert.failNotEquals(Assert.java:834)
	at org.junit.Assert.assertEquals(Assert.java:645)
	at se.nackademin.librarytest.librarytestsystem.librarytestsystem.NegativLoanRestServiceTest.testPutLoanWithBookChanged_StatusCode400(NegativLoanRestServiceTest.java:409)

