-------------------------------------------------------------------------------
Test set: se.nackademin.librarytest.librarytestsystem.librarytestsystem.NegativBookRestServiceTest
-------------------------------------------------------------------------------
Tests run: 17, Failures: 3, Errors: 0, Skipped: 1, Time elapsed: 0.227 sec <<< FAILURE! - in se.nackademin.librarytest.librarytestsystem.librarytestsystem.NegativBookRestServiceTest
testGetAuthorOfSpecifiedBookNotFound_StatusCoce404(se.nackademin.librarytest.librarytestsystem.librarytestsystem.NegativBookRestServiceTest)  Time elapsed: 0.027 sec  <<< FAILURE!
java.lang.AssertionError: Status code shoud be 404 expected:<404> but was:<200>
	at org.junit.Assert.fail(Assert.java:88)
	at org.junit.Assert.failNotEquals(Assert.java:834)
	at org.junit.Assert.assertEquals(Assert.java:645)
	at se.nackademin.librarytest.librarytestsystem.librarytestsystem.NegativBookRestServiceTest.testGetAuthorOfSpecifiedBookNotFound_StatusCoce404(NegativBookRestServiceTest.java:288)

testUpdateAuthorsListOfBookWithNoAuthorsIDForOneAuthor_StusCode400(se.nackademin.librarytest.librarytestsystem.librarytestsystem.NegativBookRestServiceTest)  Time elapsed: 0.022 sec  <<< FAILURE!
java.lang.AssertionError: Status code should be 201 expected:<201> but was:<400>
	at org.junit.Assert.fail(Assert.java:88)
	at org.junit.Assert.failNotEquals(Assert.java:834)
	at org.junit.Assert.assertEquals(Assert.java:645)
	at se.nackademin.librarytest.librarytestsystem.librarytestsystem.NegativBookRestServiceTest.testUpdateAuthorsListOfBookWithNoAuthorsIDForOneAuthor_StusCode400(NegativBookRestServiceTest.java:263)

testUpdateBookWithoutTitle_StusCode400(se.nackademin.librarytest.librarytestsystem.librarytestsystem.NegativBookRestServiceTest)  Time elapsed: 0.014 sec  <<< FAILURE!
java.lang.AssertionError: Status code should be 201 expected:<201> but was:<400>
	at org.junit.Assert.fail(Assert.java:88)
	at org.junit.Assert.failNotEquals(Assert.java:834)
	at org.junit.Assert.assertEquals(Assert.java:645)
	at se.nackademin.librarytest.librarytestsystem.librarytestsystem.NegativBookRestServiceTest.testUpdateBookWithoutTitle_StusCode400(NegativBookRestServiceTest.java:124)

