<?xml version="1.0" encoding="UTF-8"?>
<testsuite name="se.nackademin.librarytest.librarytestsystem.librarytestsystem.NegatirvUserRestServiceTest" time="2.737" tests="12" errors="0" skipped="0" failures="1">
  <properties>
[...]
</properties>
  <testcase name="testCreateUserWithNoRole_StusCode400" classname="se.nackademin.librarytest.librarytestsystem.librarytestsystem.NegatirvUserRestServiceTest" time="1.502"/>
  <testcase name="testUpdateUserDisplayNameWhichExistInDB_StusCode400" classname="se.nackademin.librarytest.librarytestsystem.librarytestsystem.NegatirvUserRestServiceTest" time="0.658"/>
  <testcase name="testUpdateUserWhichNoExistInDB_StatusCode404" classname="se.nackademin.librarytest.librarytestsystem.librarytestsystem.NegatirvUserRestServiceTest" time="0.02"/>
  <testcase name="testDeleteUserWithSpecifiedIdNotFound_StatusCode404" classname="se.nackademin.librarytest.librarytestsystem.librarytestsystem.NegatirvUserRestServiceTest" time="0.019">
    <failure message="Status code should be 404 expected:&lt;404&gt; but was:&lt;204&gt;" type="java.lang.AssertionError"><![CDATA[java.lang.AssertionError: Status code should be 404 expected:<404> but was:<204>
	at org.junit.Assert.fail(Assert.java:88)
	at org.junit.Assert.failNotEquals(Assert.java:834)
	at org.junit.Assert.assertEquals(Assert.java:645)
	at se.nackademin.librarytest.librarytestsystem.librarytestsystem.NegatirvUserRestServiceTest.testDeleteUserWithSpecifiedIdNotFound_StatusCode404(NegatirvUserRestServiceTest.java:307)
]]></failure>
  </testcase>
  <testcase name="testCreateUserWithNoPassword_StusCode400" classname="se.nackademin.librarytest.librarytestsystem.librarytestsystem.NegatirvUserRestServiceTest" time="0.016"/>
  <testcase name="testCreateUserWithNoDisplayName_StusCode400" classname="se.nackademin.librarytest.librarytestsystem.librarytestsystem.NegatirvUserRestServiceTest" time="0.018"/>
  <testcase name="testUpdateUserWithNoPassword_StusCode400" classname="se.nackademin.librarytest.librarytestsystem.librarytestsystem.NegatirvUserRestServiceTest" time="0.168"/>
  <testcase name="testUpdateUserWithNoRole_StusCode400" classname="se.nackademin.librarytest.librarytestsystem.librarytestsystem.NegatirvUserRestServiceTest" time="0.038"/>
  <testcase name="testCreateUserWithIDInDB_StusCode400" classname="se.nackademin.librarytest.librarytestsystem.librarytestsystem.NegatirvUserRestServiceTest" time="0.128"/>
  <testcase name="testUpdateUserWithNoDisplayName_StusCode400" classname="se.nackademin.librarytest.librarytestsystem.librarytestsystem.NegatirvUserRestServiceTest" time="0.059"/>
  <testcase name="testGetUserWithSpecifiedIdNotFound_StatusCode404" classname="se.nackademin.librarytest.librarytestsystem.librarytestsystem.NegatirvUserRestServiceTest" time="0.017"/>
  <testcase name="testCreateUserDisplayNameWhichExistInDB_StusCode400" classname="se.nackademin.librarytest.librarytestsystem.librarytestsystem.NegatirvUserRestServiceTest" time="0.094"/>
</testsuite>