<?xml version="1.0" encoding="UTF-8"?>
<testsuite name="se.nackademin.librarytest.librarytestsystem.librarytestsystem.NegativBookRestServiceTest" time="0.221" tests="17" errors="0" skipped="1" failures="3">
  <properties>
    <property name="java.runtime.name" value="Java(TM) SE Runtime Environment"/>
    <property name="sun.boot.library.path" value="/usr/lib/jvm/java-8-oracle/jre/lib/i386"/>
    <property name="java.vm.version" value="25.121-b13"/>
    <property name="java.vm.vendor" value="Oracle Corporation"/>
    <property name="maven.multiModuleProjectDirectory" value="/home/testautom-nack/NetBeansProjects/librarytest/librarytestsystem"/>
    <property name="java.vendor.url" value="http://java.oracle.com/"/>
    <property name="path.separator" value=":"/>
    <property name="guice.disable.misplaced.annotation.check" value="true"/>
    <property name="java.vm.name" value="Java HotSpot(TM) Client VM"/>
    <property name="file.encoding.pkg" value="sun.io"/>
    <property name="user.country" value="US"/>
    <property name="sun.java.launcher" value="SUN_STANDARD"/>
    <property name="sun.os.patch.level" value="unknown"/>
    <property name="java.vm.specification.name" value="Java Virtual Machine Specification"/>
    <property name="user.dir" value="/home/testautom-nack/NetBeansProjects/librarytest/librarytestsystem"/>
    <property name="java.runtime.version" value="1.8.0_121-b13"/>
    <property name="java.awt.graphicsenv" value="sun.awt.X11GraphicsEnvironment"/>
    <property name="java.endorsed.dirs" value="/usr/lib/jvm/java-8-oracle/jre/lib/endorsed"/>
    <property name="os.arch" value="i386"/>
    <property name="java.io.tmpdir" value="/tmp"/>
    <property name="line.separator" value="&#10;"/>
    <property name="java.vm.specification.vendor" value="Oracle Corporation"/>
    <property name="os.name" value="Linux"/>
    <property name="maven.ext.class.path" value="/home/testautom-nack/netbeans-8.2/java/maven-nblib/netbeans-eventspy.jar"/>
    <property name="classworlds.conf" value="/usr/share/maven/bin/m2.conf"/>
    <property name="sun.jnu.encoding" value="UTF-8"/>
    <property name="java.library.path" value="/usr/lib/jvm/java-8-oracle/jre/lib/amd64:/usr/lib/jvm/java-8-oracle/jre/lib/i386::/usr/java/packages/lib/i386:/lib:/usr/lib"/>
    <property name="java.specification.name" value="Java Platform API Specification"/>
    <property name="java.class.version" value="52.0"/>
    <property name="sun.management.compiler" value="HotSpot Client Compiler"/>
    <property name="os.version" value="4.4.0-79-generic"/>
    <property name="user.home" value="/home/testautom-nack"/>
    <property name="user.timezone" value="Europe/Stockholm"/>
    <property name="java.awt.printerjob" value="sun.print.PSPrinterJob"/>
    <property name="java.specification.version" value="1.8"/>
    <property name="file.encoding" value="UTF-8"/>
    <property name="user.name" value="testautom-nack"/>
    <property name="java.class.path" value="/usr/share/maven/boot/plexus-classworlds-2.x.jar"/>
    <property name="java.vm.specification.version" value="1.8"/>
    <property name="sun.arch.data.model" value="32"/>
    <property name="java.home" value="/usr/lib/jvm/java-8-oracle/jre"/>
    <property name="sun.java.command" value="org.codehaus.plexus.classworlds.launcher.Launcher -Dmaven.ext.class.path=/home/testautom-nack/netbeans-8.2/java/maven-nblib/netbeans-eventspy.jar clean install"/>
    <property name="java.specification.vendor" value="Oracle Corporation"/>
    <property name="user.language" value="en"/>
    <property name="awt.toolkit" value="sun.awt.X11.XToolkit"/>
    <property name="java.vm.info" value="mixed mode"/>
    <property name="java.version" value="1.8.0_121"/>
    <property name="java.ext.dirs" value="/usr/lib/jvm/java-8-oracle/jre/lib/ext:/usr/java/packages/lib/ext"/>
    <property name="securerandom.source" value="file:/dev/./urandom"/>
    <property name="sun.boot.class.path" value="/usr/lib/jvm/java-8-oracle/jre/lib/resources.jar:/usr/lib/jvm/java-8-oracle/jre/lib/rt.jar:/usr/lib/jvm/java-8-oracle/jre/lib/sunrsasign.jar:/usr/lib/jvm/java-8-oracle/jre/lib/jsse.jar:/usr/lib/jvm/java-8-oracle/jre/lib/jce.jar:/usr/lib/jvm/java-8-oracle/jre/lib/charsets.jar:/usr/lib/jvm/java-8-oracle/jre/lib/jfr.jar:/usr/lib/jvm/java-8-oracle/jre/classes"/>
    <property name="java.vendor" value="Oracle Corporation"/>
    <property name="maven.home" value="/usr/share/maven"/>
    <property name="file.separator" value="/"/>
    <property name="java.vendor.url.bug" value="http://bugreport.sun.com/bugreport/"/>
    <property name="sun.cpu.endian" value="little"/>
    <property name="sun.io.unicode.encoding" value="UnicodeLittle"/>
    <property name="sun.desktop" value="gnome"/>
    <property name="sun.cpu.isalist" value=""/>
  </properties>
  <testcase name="testCreateBookWithIDInDB_StusCode400" classname="se.nackademin.librarytest.librarytestsystem.librarytestsystem.NegativBookRestServiceTest" time="0.029"/>
  <testcase name="testUpdateSpecifiedBookWithAuthorListBookNotFound_StusCode404" classname="se.nackademin.librarytest.librarytestsystem.librarytestsystem.NegativBookRestServiceTest" time="0"/>
  <testcase name="testUpdateBookWithNoAuthorsNameInDB_StusCode400" classname="se.nackademin.librarytest.librarytestsystem.librarytestsystem.NegativBookRestServiceTest" time="0">
    <skipped/>
  </testcase>
  <testcase name="testAddAuthorTospecifiedBookWithNoAuthorsID_StusCode400" classname="se.nackademin.librarytest.librarytestsystem.librarytestsystem.NegativBookRestServiceTest" time="0"/>
  <testcase name="testCreateBookWithNoTitle_StusCode400" classname="se.nackademin.librarytest.librarytestsystem.librarytestsystem.NegativBookRestServiceTest" time="0.016"/>
  <testcase name="testAddAuthorToSpecifiedBookNotFound_StusCode404" classname="se.nackademin.librarytest.librarytestsystem.librarytestsystem.NegativBookRestServiceTest" time="0"/>
  <testcase name="testDeleteBookByIdNotFound_StusCode404" classname="se.nackademin.librarytest.librarytestsystem.librarytestsystem.NegativBookRestServiceTest" time="0.039"/>
  <testcase name="testUpdateBookWithAuthorListToSpecifiedBookWithNoIDForOneAuthor_StusCode400" classname="se.nackademin.librarytest.librarytestsystem.librarytestsystem.NegativBookRestServiceTest" time="0"/>
  <testcase name="testGetAuthorOfSpecifiedBookNotFound_StatusCoce404" classname="se.nackademin.librarytest.librarytestsystem.librarytestsystem.NegativBookRestServiceTest" time="0.027">
    <failure message="Status code shoud be 404 expected:&lt;404&gt; but was:&lt;200&gt;" type="java.lang.AssertionError"><![CDATA[java.lang.AssertionError: Status code shoud be 404 expected:<404> but was:<200>
	at org.junit.Assert.fail(Assert.java:88)
	at org.junit.Assert.failNotEquals(Assert.java:834)
	at org.junit.Assert.assertEquals(Assert.java:645)
	at se.nackademin.librarytest.librarytestsystem.librarytestsystem.NegativBookRestServiceTest.testGetAuthorOfSpecifiedBookNotFound_StatusCoce404(NegativBookRestServiceTest.java:288)
]]></failure>
    <system-out><![CDATA[Request method:	GET
Request path:	http://localhost:8080/librarytest-rest/books/251/authors
Proxy:			<none>
Request params:	<none>
Query params:	<none>
Form params:	<none>
Path params:	<none>
Multiparts:		<none>
Headers:		Accept=application/json, application/javascript, text/javascript
Cookies:		<none>
Body:			<none>
HTTP/1.1 200 OK
Server: Apache-Coyote/1.1
Content-Type: application/json
Transfer-Encoding: chunked
Date: Sat, 17 Jun 2017 16:18:22 GMT

{
    "authors": ""
}
]]></system-out>
  </testcase>
  <testcase name="testAddAuthorTospecifiedBook_StusCode400" classname="se.nackademin.librarytest.librarytestsystem.librarytestsystem.NegativBookRestServiceTest" time="0"/>
  <testcase name="testCreateBookWithNoAuthorsID_StusCode400" classname="se.nackademin.librarytest.librarytestsystem.librarytestsystem.NegativBookRestServiceTest" time="0.015"/>
  <testcase name="testUpdateBookWithAuthorListToSpecifiedBookAuthorExistInTheListOfBook_StusCode400" classname="se.nackademin.librarytest.librarytestsystem.librarytestsystem.NegativBookRestServiceTest" time="0"/>
  <testcase name="testCreateBookWithNoAuthorsNameInDB_StusCode400" classname="se.nackademin.librarytest.librarytestsystem.librarytestsystem.NegativBookRestServiceTest" time="0.015"/>
  <testcase name="testUpdateBookWithNoAuthorsID_StusCode400" classname="se.nackademin.librarytest.librarytestsystem.librarytestsystem.NegativBookRestServiceTest" time="0.037"/>
  <testcase name="testUpdateAuthorsListOfBookWithNoAuthorsIDForOneAuthor_StusCode400" classname="se.nackademin.librarytest.librarytestsystem.librarytestsystem.NegativBookRestServiceTest" time="0.022">
    <failure message="Status code should be 201 expected:&lt;201&gt; but was:&lt;400&gt;" type="java.lang.AssertionError"><![CDATA[java.lang.AssertionError: Status code should be 201 expected:<201> but was:<400>
	at org.junit.Assert.fail(Assert.java:88)
	at org.junit.Assert.failNotEquals(Assert.java:834)
	at org.junit.Assert.assertEquals(Assert.java:645)
	at se.nackademin.librarytest.librarytestsystem.librarytestsystem.NegativBookRestServiceTest.testUpdateAuthorsListOfBookWithNoAuthorsIDForOneAuthor_StusCode400(NegativBookRestServiceTest.java:263)
]]></failure>
    <system-out><![CDATA[Request method:	POST
Request path:	http://localhost:8080/librarytest-rest/books
Proxy:			<none>
Request params:	<none>
Query params:	<none>
Form params:	<none>
Path params:	<none>
Multiparts:		<none>
Headers:		Accept=*/*
				Content-Type=application/json; charset=UTF-8
Cookies:		<none>
Body:
{
    "book": {
        "id": 164,
        "description": "06c2",
        "isbn": "c534",
        "nbrPages": 57,
        "publicationDate": "1998-11-17",
        "title": "6b46",
        "totalNbrCopies": 108
    }
}
New books id är: 164 och statusCode är: 201
Request method:	POST
Request path:	http://localhost:8080/librarytest-rest/authors
Proxy:			<none>
Request params:	<none>
Query params:	<none>
Form params:	<none>
Path params:	<none>
Multiparts:		<none>
Headers:		Accept=*/*
				Content-Type=application/json; charset=UTF-8
Cookies:		<none>
Body:
{
    "author": {
        "id": 212,
        "firstName": "3e8f",
        "lastName": "ab2c",
        "country": "fed0",
        "bio": "63514f06-ad43-4663-a40a-ce7733ac619a",
        "authors": [
            
        ]
    }
}
]]></system-out>
  </testcase>
  <testcase name="testGetBookByIdNotfound_StatusCode404" classname="se.nackademin.librarytest.librarytestsystem.librarytestsystem.NegativBookRestServiceTest" time="0.007"/>
  <testcase name="testUpdateBookWithoutTitle_StusCode400" classname="se.nackademin.librarytest.librarytestsystem.librarytestsystem.NegativBookRestServiceTest" time="0.014">
    <failure message="Status code should be 201 expected:&lt;201&gt; but was:&lt;400&gt;" type="java.lang.AssertionError"><![CDATA[java.lang.AssertionError: Status code should be 201 expected:<201> but was:<400>
	at org.junit.Assert.fail(Assert.java:88)
	at org.junit.Assert.failNotEquals(Assert.java:834)
	at org.junit.Assert.assertEquals(Assert.java:645)
	at se.nackademin.librarytest.librarytestsystem.librarytestsystem.NegativBookRestServiceTest.testUpdateBookWithoutTitle_StusCode400(NegativBookRestServiceTest.java:124)
]]></failure>
    <system-out><![CDATA[Request method:	POST
Request path:	http://localhost:8080/librarytest-rest/books
Proxy:			<none>
Request params:	<none>
Query params:	<none>
Form params:	<none>
Path params:	<none>
Multiparts:		<none>
Headers:		Accept=*/*
				Content-Type=application/json; charset=UTF-8
Cookies:		<none>
Body:
{
    "book": {
        "id": 164,
        "description": "4087",
        "isbn": "b3d5",
        "nbrPages": 276,
        "publicationDate": "1991-05-20",
        "title": "7568",
        "totalNbrCopies": 251
    }
}
]]></system-out>
  </testcase>
</testsuite>