<?xml version="1.0" encoding="UTF-8"?>
<testsuite name="se.nackademin.librarytest.librarytestsystem.librarytestsystem.LoanRestServiceTest" time="2.676" tests="8" errors="0" skipped="0" failures="3">
  <properties>
[...]
</properties>
  <testcase name="testGetLoanWithSpicifiedID" classname="se.nackademin.librarytest.librarytestsystem.librarytestsystem.LoanRestServiceTest" time="1.574">
    <failure message="Status code should be 200  expected:&lt;200&gt; but was:&lt;404&gt;" type="java.lang.AssertionError"><![CDATA[java.lang.AssertionError: Status code should be 200  expected:<200> but was:<404>
	at org.junit.Assert.fail(Assert.java:88)
	at org.junit.Assert.failNotEquals(Assert.java:834)
	at org.junit.Assert.assertEquals(Assert.java:645)
	at se.nackademin.librarytest.librarytestsystem.librarytestsystem.LoanRestServiceTest.testGetLoanWithSpicifiedID(LoanRestServiceTest.java:140)
]]></failure>
    <system-out><![CDATA[Request method:	GET
Request path:	http://localhost:8080/librarytest-rest/loans/15
Proxy:			<none>
Request params:	<none>
Query params:	<none>
Form params:	<none>
Path params:	<none>
Multiparts:		<none>
Headers:		Accept=application/json, application/javascript, text/javascript
Cookies:		<none>
Body:			<none>
HTTP/1.1 404 Not Found
Server: Apache-Coyote/1.1
Content-Length: 0
Date: Thu, 15 Jun 2017 23:40:18 GMT
]]></system-out>
  </testcase>
  <testcase name="testGetAllaLoan" classname="se.nackademin.librarytest.librarytestsystem.librarytestsystem.LoanRestServiceTest" time="0.071"/>
  <testcase name="testUpdateLoanWithNewData" classname="se.nackademin.librarytest.librarytestsystem.librarytestsystem.LoanRestServiceTest" time="0.2">
    <failure message="Status code should be 201  expected:&lt;201&gt; but was:&lt;400&gt;" type="java.lang.AssertionError"><![CDATA[java.lang.AssertionError: Status code should be 201  expected:<201> but was:<400>
	at org.junit.Assert.fail(Assert.java:88)
	at org.junit.Assert.failNotEquals(Assert.java:834)
	at org.junit.Assert.assertEquals(Assert.java:645)
	at se.nackademin.librarytest.librarytestsystem.librarytestsystem.LoanRestServiceTest.testUpdateLoanWithNewData(LoanRestServiceTest.java:92)
]]></failure>
    <system-out><![CDATA[Request method:	POST
Request path:	http://localhost:8080/librarytest-rest/users/
Proxy:			<none>
Request params:	<none>
Query params:	<none>
Form params:	<none>
Path params:	<none>
Multiparts:		<none>
Headers:		Accept=*/*
				Content-Type=application/json; charset=UTF-8
Cookies:		<none>
Body:
{
    "user": {
        "displayName": "0716",
        "password": "ff64",
        "role": "LOANER",
        "firstName": "0716",
        "lastName": "a778",
        "phone": "011a",
        "email": "2317",
        "id": 295
    }
}
Request method:	POST
Request path:	http://localhost:8080/librarytest-rest/books
Proxy:			<none>
Request params:	<none>
Query params:	<none>
Form params:	<none>
Path params:	<none>
Multiparts:		<none>
Headers:		Accept=*/*
				Content-Type=application/json; charset=UTF-8
Cookies:		<none>
Body:
{
    "book": {
        "id": 98,
        "description": "94f8",
        "isbn": "3763",
        "nbrPages": 298,
        "publicationDate": "1991-07-07",
        "title": "ef23",
        "totalNbrCopies": 97,
        "author": {
            "id": 4,
            "firstName": "Arthur C.",
            "lastName": "Clarke",
            "country": "Great Britain",
            "bio": "Sri Lankabhimanya Sir Arthur Charles Clarke, CBE, FRAS (16 December 1917 – 19 March 2008) was a British science fiction writer, science writer and futurist, inventor, undersea explorer, and television series host.He is perhaps most famous for being co-writer of the screenplay for the movie 2001: A Space Odyssey, widely considered to be one of the most influential films of all time. His other science fiction writings earned him a number of Hugo and Nebula awards, which along with a large readership made him one of the towering figures of science fiction.",
            "authors": [
                
            ]
        }
    }
}
]]></system-out>
  </testcase>
  <testcase name="testGetLoanoOfSpecifiedBookBySpecifiedUser" classname="se.nackademin.librarytest.librarytestsystem.librarytestsystem.LoanRestServiceTest" time="0.298"/>
  <testcase name="testDeleteWithSpicifiedID" classname="se.nackademin.librarytest.librarytestsystem.librarytestsystem.LoanRestServiceTest" time="0.056">
    <failure message="Status code should be 201  expected:&lt;201&gt; but was:&lt;400&gt;" type="java.lang.AssertionError"><![CDATA[java.lang.AssertionError: Status code should be 201  expected:<201> but was:<400>
	at org.junit.Assert.fail(Assert.java:88)
	at org.junit.Assert.failNotEquals(Assert.java:834)
	at org.junit.Assert.assertEquals(Assert.java:645)
	at se.nackademin.librarytest.librarytestsystem.librarytestsystem.LoanRestServiceTest.testDeleteWithSpicifiedID(LoanRestServiceTest.java:161)
]]></failure>
    <system-out><![CDATA[Request method:	POST
Request path:	http://localhost:8080/librarytest-rest/users/
Proxy:			<none>
Request params:	<none>
Query params:	<none>
Form params:	<none>
Path params:	<none>
Multiparts:		<none>
Headers:		Accept=*/*
				Content-Type=application/json; charset=UTF-8
Cookies:		<none>
Body:
{
    "user": {
        "displayName": "7bff",
        "password": "ab8a",
        "role": "LOANER",
        "firstName": "7bff",
        "lastName": "e870",
        "phone": "5285",
        "email": "9df9",
        "id": 83
    }
}
Request method:	POST
Request path:	http://localhost:8080/librarytest-rest/books
Proxy:			<none>
Request params:	<none>
Query params:	<none>
Form params:	<none>
Path params:	<none>
Multiparts:		<none>
Headers:		Accept=*/*
				Content-Type=application/json; charset=UTF-8
Cookies:		<none>
Body:
{
    "book": {
        "id": 86,
        "description": "ebe5",
        "isbn": "1848",
        "nbrPages": 75,
        "publicationDate": "1992-06-16",
        "title": "b4b1",
        "totalNbrCopies": 117,
        "author": {
            "id": 4,
            "firstName": "Arthur C.",
            "lastName": "Clarke",
            "country": "Great Britain",
            "bio": "Sri Lankabhimanya Sir Arthur Charles Clarke, CBE, FRAS (16 December 1917 – 19 March 2008) was a British science fiction writer, science writer and futurist, inventor, undersea explorer, and television series host.He is perhaps most famous for being co-writer of the screenplay for the movie 2001: A Space Odyssey, widely considered to be one of the most influential films of all time. His other science fiction writings earned him a number of Hugo and Nebula awards, which along with a large readership made him one of the towering figures of science fiction.",
            "authors": [
                
            ]
        }
    }
}
]]></system-out>
  </testcase>
  <testcase name="testCreateloan" classname="se.nackademin.librarytest.librarytestsystem.librarytestsystem.LoanRestServiceTest" time="0.088"/>
  <testcase name="testGetAllLoansOfTheSpecifiedBook" classname="se.nackademin.librarytest.librarytestsystem.librarytestsystem.LoanRestServiceTest" time="0.212"/>
  <testcase name="testGetAllLoansOfTheSpecifiedUser" classname="se.nackademin.librarytest.librarytestsystem.librarytestsystem.LoanRestServiceTest" time="0.177"/>
</testsuite>