<?xml version="1.0" encoding="UTF-8"?>
<testsuite name="se.nackademin.librarytest.librarytestsystem.librarytestsystem.NegativAuthorRestServiceTest" time="0.554" tests="8" errors="0" skipped="0" failures="1">
  <properties>
[...]
</properties>
  <testcase name="testCreatAuthorWithNoFirstName_StatusCode400" classname="se.nackademin.librarytest.librarytestsystem.librarytestsystem.NegativAuthorRestServiceTest" time="0.062"/>
  <testcase name="testAuthorsDeleteNotFound_StatusCode404" classname="se.nackademin.librarytest.librarytestsystem.librarytestsystem.NegativAuthorRestServiceTest" time="0.121"/>
  <testcase name="testUpdateAuthorWithNoAuthorsFirstName_StatusCode400" classname="se.nackademin.librarytest.librarytestsystem.librarytestsystem.NegativAuthorRestServiceTest" time="0.213"/>
  <testcase name="testAuthorsGetNotFound_StatusCode404" classname="se.nackademin.librarytest.librarytestsystem.librarytestsystem.NegativAuthorRestServiceTest" time="0.024">
    <failure message="Status code should be 404 expected:&lt;404&gt; but was:&lt;200&gt;" type="java.lang.AssertionError"><![CDATA[java.lang.AssertionError: Status code should be 404 expected:<404> but was:<200>
	at org.junit.Assert.fail(Assert.java:88)
	at org.junit.Assert.failNotEquals(Assert.java:834)
	at org.junit.Assert.assertEquals(Assert.java:645)
	at se.nackademin.librarytest.librarytestsystem.librarytestsystem.NegativAuthorRestServiceTest.testAuthorsGetNotFound_StatusCode404(NegativAuthorRestServiceTest.java:120)
]]></failure>
    <system-out><![CDATA[Request method:	GET
Request path:	http://localhost:8080/librarytest-rest/authors/173
Proxy:			<none>
Request params:	<none>
Query params:	<none>
Form params:	<none>
Path params:	<none>
Multiparts:		<none>
Headers:		Accept=application/json, application/javascript, text/javascript
Cookies:		<none>
Body:			<none>
HTTP/1.1 200 OK
Server: Apache-Coyote/1.1
Content-Type: application/json
Transfer-Encoding: chunked
Date: Fri, 16 Jun 2017 23:19:57 GMT

{
    "author": {
        "id": 173,
        "bio": "75d7d921-015b-471a-aab1-85d984a1c336",
        "country": "d42e",
        "firstName": "b1ed",
        "lastName": "3fb1"
    }
}
]]></system-out>
  </testcase>
  <testcase name="testDeleteAuthorWithBookInDB_StatusCode409" classname="se.nackademin.librarytest.librarytestsystem.librarytestsystem.NegativAuthorRestServiceTest" time="0.05"/>
  <testcase name="authorsIdExistInDB_StatusCode400" classname="se.nackademin.librarytest.librarytestsystem.librarytestsystem.NegativAuthorRestServiceTest" time="0.027"/>
  <testcase name="testCreatAuthorWithNoLastName_StatusCode400" classname="se.nackademin.librarytest.librarytestsystem.librarytestsystem.NegativAuthorRestServiceTest" time="0.017"/>
  <testcase name="testUpdateAuthorWithNoAuthorsLastName_StatusCode400" classname="se.nackademin.librarytest.librarytestsystem.librarytestsystem.NegativAuthorRestServiceTest" time="0.04"/>
</testsuite>