<?xml version="1.0" encoding="UTF-8"?>
<testsuite name="se.nackademin.librarytest.librarytestsystem.librarytestsystem.NegativLoanRestServiceTest" time="0.572" tests="19" errors="0" skipped="4" failures="5">
  <properties>
[...]
</properties>
  <testcase name="testGetLoanNotFound_StatusCode_404" classname="se.nackademin.librarytest.librarytestsystem.librarytestsystem.NegativLoanRestServiceTest" time="0.007"/>
  <testcase name="testPutLoanIdSet_StatusCode400" classname="se.nackademin.librarytest.librarytestsystem.librarytestsystem.NegativLoanRestServiceTest" time="0"/>
  <testcase name="testDeleteLoanNotFound_StatusCode_404" classname="se.nackademin.librarytest.librarytestsystem.librarytestsystem.NegativLoanRestServiceTest" time="0.006"/>
  <testcase name="createLoanUserNotFoundInDB_StatusCode400" classname="se.nackademin.librarytest.librarytestsystem.librarytestsystem.NegativLoanRestServiceTest" time="0.038"/>
  <testcase name="testCreateLoanBookNotFoundInDB_StatusCode400" classname="se.nackademin.librarytest.librarytestsystem.librarytestsystem.NegativLoanRestServiceTest" time="0.009">
    <failure message="Status code should be 201  expected:&lt;201&gt; but was:&lt;400&gt;" type="java.lang.AssertionError"><![CDATA[java.lang.AssertionError: Status code should be 201  expected:<201> but was:<400>
	at org.junit.Assert.fail(Assert.java:88)
	at org.junit.Assert.failNotEquals(Assert.java:834)
	at org.junit.Assert.assertEquals(Assert.java:645)
	at se.nackademin.librarytest.librarytestsystem.librarytestsystem.NegativLoanRestServiceTest.testCreateLoanBookNotFoundInDB_StatusCode400(NegativLoanRestServiceTest.java:81)
]]></failure>
    <system-out><![CDATA[Request method:	POST
Request path:	http://localhost:8080/librarytest-rest/users/
Proxy:			<none>
Request params:	<none>
Query params:	<none>
Form params:	<none>
Path params:	<none>
Multiparts:		<none>
Headers:		Accept=*/*
				Content-Type=application/json; charset=UTF-8
Cookies:		<none>
Body:
{
    "user": {
        "displayName": "fd4c",
        "password": "1a14",
        "role": "LOANER",
        "firstName": "fd4c",
        "lastName": "fd47",
        "phone": "f008",
        "email": "6189",
        "id": 253
    }
}
]]></system-out>
  </testcase>
  <testcase name="testGetLoanOfSpecifiedBookNotFound_StatusCode404" classname="se.nackademin.librarytest.librarytestsystem.librarytestsystem.NegativLoanRestServiceTest" time="0.014">
    <failure message="Status code should be 201  expected:&lt;201&gt; but was:&lt;400&gt;" type="java.lang.AssertionError"><![CDATA[java.lang.AssertionError: Status code should be 201  expected:<201> but was:<400>
	at org.junit.Assert.fail(Assert.java:88)
	at org.junit.Assert.failNotEquals(Assert.java:834)
	at org.junit.Assert.assertEquals(Assert.java:645)
	at se.nackademin.librarytest.librarytestsystem.librarytestsystem.NegativLoanRestServiceTest.testGetLoanOfSpecifiedBookNotFound_StatusCode404(NegativLoanRestServiceTest.java:542)
]]></failure>
    <system-out><![CDATA[Request method:	POST
Request path:	http://localhost:8080/librarytest-rest/books
Proxy:			<none>
Request params:	<none>
Query params:	<none>
Form params:	<none>
Path params:	<none>
Multiparts:		<none>
Headers:		Accept=*/*
				Content-Type=application/json; charset=UTF-8
Cookies:		<none>
Body:
{
    "book": {
        "id": 190,
        "description": "0c98",
        "isbn": "607a",
        "nbrPages": 101,
        "publicationDate": "1992-10-05",
        "title": "5080",
        "totalNbrCopies": 149
    }
}
]]></system-out>
  </testcase>
  <testcase name="testPutLoanWithUserChanged_StatusCode400" classname="se.nackademin.librarytest.librarytestsystem.librarytestsystem.NegativLoanRestServiceTest" time="0.046">
    <failure message="Status code should be 201  expected:&lt;201&gt; but was:&lt;400&gt;" type="java.lang.AssertionError"><![CDATA[java.lang.AssertionError: Status code should be 201  expected:<201> but was:<400>
	at org.junit.Assert.fail(Assert.java:88)
	at org.junit.Assert.failNotEquals(Assert.java:834)
	at org.junit.Assert.assertEquals(Assert.java:645)
	at se.nackademin.librarytest.librarytestsystem.librarytestsystem.NegativLoanRestServiceTest.testPutLoanWithUserChanged_StatusCode400(NegativLoanRestServiceTest.java:376)
]]></failure>
    <system-out><![CDATA[Request method:	GET
Request path:	http://localhost:8080/librarytest-rest/loans
Proxy:			<none>
Request params:	<none>
Query params:	<none>
Form params:	<none>
Path params:	<none>
Multiparts:		<none>
Headers:		Accept=application/json, application/javascript, text/javascript
Cookies:		<none>
Body:			<none>
HTTP/1.1 200 OK
Server: Apache-Coyote/1.1
Content-Type: application/json
Transfer-Encoding: chunked
Date: Sat, 17 Jun 2017 16:18:22 GMT

{
    "loans": {
        "loan": [
            {
                "id": 171,
                "book": {
                    "id": 220,
                    "author": {
                        "id": 264,
                        "bio": "56d7370d-c226-4eaa-91e7-6155ea4878af",
                        "country": "d5aa",
                        "firstName": "77d7",
                        "lastName": "0e22"
                    },
                    "description": "29ea",
                    "isbn": "73bf",
                    "nbrPages": 245,
                    "publicationDate": "1993-06-26",
                    "title": "d634",
                    "totalNbrCopies": 86
                },
                "dateBorrowed": "2000-09-12",
                "dateDue": "1999-07-24",
                "user": {
                    "id": 244,
                    "displayName": "59f5",
                    "email": "3dc8",
                    "firstName": "59f5",
                    "lastName": "d6aa",
                    "password": "0419",
                    "phone": "ff55",
                    "role": "LOANER"
                }
            },
            {
                "id": 123,
                "book": {
                    "id": 66,
                    "author": {
                        "id": 287,
                        "bio": "c27c7a6a-f363-42a7-9320-99d04cbfe5ef",
                        "country": 3996,
                        "firstName": 1621,
                        "lastName": "24c6"
                    },
                    "description": "926c",
                    "isbn": "e534",
                    "nbrPages": 102,
                    "publicationDate": "1994-05-15",
                    "title": "20ad",
                    "totalNbrCopies": 212
                },
                "dateBorrowed": "1997-06-12",
                "dateDue": "1998-06-21",
                "user": {
                    "id": 284,
                    "displayName": "0fa7",
                    "email": "82a3",
                    "firstName": "0fa7",
                    "lastName": "abc1",
                    "password": "a3d6",
                    "phone": "0fff",
                    "role": "LOANER"
                }
            },
            {
                "id": 211,
                "book": {
                    "id": 190,
                    "author": {
                        "id": 149,
                        "bio": "78f32269-c824-411e-ac34-7ee950a55a3f",
                        "country": "b4d6",
                        "firstName": "0b21",
                        "lastName": "49cd"
                    },
                    "description": "e918",
                    "isbn": "fc3a",
                    "nbrPages": 67,
                    "publicationDate": "1997-11-30",
                    "title": "8e10",
                    "totalNbrCopies": 137
                },
                "dateBorrowed": "1992-10-24",
                "dateDue": "1994-08-29",
                "user": {
                    "id": 66,
                    "displayName": "ef5a",
                    "email": 4191,
                    "firstName": "ef5a",
                    "lastName": "f5b0",
                    "password": "a2c3",
                    "phone": "5a07",
                    "role": "LOANER"
                }
            },
            {
                "id": 25,
                "book": {
                    "id": 257,
                    "author": {
                        "id": 106,
                        "bio": "fd22c8c5-dfb1-487d-bace-2673742ae53f",
                        "country": "f659",
                        "firstName": "fac9",
                        "lastName": "9f67"
                    },
                    "description": "aac0",
                    "isbn": "db9b",
                    "nbrPages": 122,
                    "publicationDate": "1999-11-21",
                    "title": "b636",
                    "totalNbrCopies": 228
                },
                "dateBorrowed": "1995-08-05",
                "dateDue": "1995-12-19",
                "user": {
                    "id": 186,
                    "displayName": "e24b",
                    "email": "76b9",
                    "firstName": "e24b",
                    "lastName": 8673,
                    "password": 6464,
                    "phone": "aed7",
                    "role": "LOANER"
                }
            },
            {
                "id": 66,
                "book": {
                    "id": 204,
                    "description": "0e95",
                    "isbn": "37cd",
                    "nbrPages": 262,
                    "publicationDate": "1997-07-02",
                    "title": "f466",
                    "totalNbrCopies": 140
                },
                "dateBorrowed": "1999-08-19",
                "dateDue": "1997-11-24",
                "user": {
                    "id": 261,
                    "displayName": "32f2",
                    "email": "34df",
                    "firstName": "32f2",
                    "lastName": "4de3",
                    "password": "d659",
                    "phone": "f39e",
                    "role": "LOANER"
                }
            },
            {
                "id": 217,
                "book": {
                    "id": 265,
                    "author": {
                        "id": 51,
                        "bio": "9fd40f2d-4f16-4937-909f-6cd95cfb6902",
                        "country": "54d9",
                        "firstName": "dc8c",
                        "lastName": "115d"
                    },
                    "description": 4437,
                    "isbn": "37fa",
                    "nbrPages": 163,
                    "publicationDate": "2000-10-27",
                    "title": 7145,
                    "totalNbrCopies": 226
                },
                "dateBorrowed": "2000-07-03",
                "dateDue": "1999-06-28",
                "user": {
                    "id": 194,
                    "displayName": "ad31",
                    "email": "9e19",
                    "firstName": "ad31",
                    "lastName": "1bd1",
                    "password": "34fe",
                    "phone": "0b2c",
                    "role": "LOANER"
                }
            },
            {
                "id": 292,
                "book": {
                    "id": 265,
                    "author": {
                        "id": 51,
                        "bio": "9fd40f2d-4f16-4937-909f-6cd95cfb6902",
                        "country": "54d9",
                        "firstName": "dc8c",
                        "lastName": "115d"
                    },
                    "description": 4437,
                    "isbn": "37fa",
                    "nbrPages": 163,
                    "publicationDate": "2000-10-27",
                    "title": 7145,
                    "totalNbrCopies": 226
                },
                "dateBorrowed": "2000-07-03",
                "dateDue": "1999-06-28",
                "user": {
                    "id": 168,
                    "displayName": "ab62",
                    "email": "0b19",
                    "firstName": "ab62",
                    "lastName": "00b4",
                    "password": "b010",
                    "phone": "dffc",
                    "role": "LOANER"
                }
            }
        ]
    }
}
Request method:	POST
Request path:	http://localhost:8080/librarytest-rest/users/
Proxy:			<none>
Request params:	<none>
Query params:	<none>
Form params:	<none>
Path params:	<none>
Multiparts:		<none>
Headers:		Accept=*/*
				Content-Type=application/json; charset=UTF-8
Cookies:		<none>
Body:
{
    "user": {
        "displayName": "80e6",
        "password": "978b",
        "role": "LOANER",
        "firstName": "80e6",
        "lastName": "6ea7",
        "phone": "e294",
        "email": "0152",
        "id": 255
    }
}
]]></system-out>
  </testcase>
  <testcase name="testGetLoanOfSpecifiedBookBySpecifiedUserLoanNotFound_Status404" classname="se.nackademin.librarytest.librarytestsystem.librarytestsystem.NegativLoanRestServiceTest" time="0.058"/>
  <testcase name="testGetLoanOfSpecifiedBookBySpecifiedUserBookNotFound_Status404" classname="se.nackademin.librarytest.librarytestsystem.librarytestsystem.NegativLoanRestServiceTest" time="0.031"/>
  <testcase name="testCreateLoanWithNotEnoughAntallKopiaAvBook_StatusCode409" classname="se.nackademin.librarytest.librarytestsystem.librarytestsystem.NegativLoanRestServiceTest" time="0.052"/>
  <testcase name="testPutLoanHadNoDateOfDueSet_StatusCode400" classname="se.nackademin.librarytest.librarytestsystem.librarytestsystem.NegativLoanRestServiceTest" time="0">
    <skipped/>
  </testcase>
  <testcase name="testPutLoanNotFound_StatusCode404" classname="se.nackademin.librarytest.librarytestsystem.librarytestsystem.NegativLoanRestServiceTest" time="0.01">
    <failure message="Status code should be 201  expected:&lt;201&gt; but was:&lt;400&gt;" type="java.lang.AssertionError"><![CDATA[java.lang.AssertionError: Status code should be 201  expected:<201> but was:<400>
	at org.junit.Assert.fail(Assert.java:88)
	at org.junit.Assert.failNotEquals(Assert.java:834)
	at org.junit.Assert.assertEquals(Assert.java:645)
	at se.nackademin.librarytest.librarytestsystem.librarytestsystem.NegativLoanRestServiceTest.testPutLoanNotFound_StatusCode404(NegativLoanRestServiceTest.java:435)
]]></failure>
    <system-out><![CDATA[Request method:	POST
Request path:	http://localhost:8080/librarytest-rest/users/
Proxy:			<none>
Request params:	<none>
Query params:	<none>
Form params:	<none>
Path params:	<none>
Multiparts:		<none>
Headers:		Accept=*/*
				Content-Type=application/json; charset=UTF-8
Cookies:		<none>
Body:
{
    "user": {
        "displayName": "94c5",
        "password": "dc3d",
        "role": "LOANER",
        "firstName": "94c5",
        "lastName": "6e5f",
        "phone": "b3a8",
        "email": "3c61",
        "id": 95
    }
}
]]></system-out>
  </testcase>
  <testcase name="testCreateLoanWithSameUserAndBook_StatusCode409" classname="se.nackademin.librarytest.librarytestsystem.librarytestsystem.NegativLoanRestServiceTest" time="0.051"/>
  <testcase name="testGetLoanOfSpecifiedUserNotFound_StatusCode404" classname="se.nackademin.librarytest.librarytestsystem.librarytestsystem.NegativLoanRestServiceTest" time="0.017"/>
  <testcase name="testCreateLoanUserHasNoRole_StatusCode400" classname="se.nackademin.librarytest.librarytestsystem.librarytestsystem.NegativLoanRestServiceTest" time="0">
    <skipped/>
  </testcase>
  <testcase name="testGetLoanOfSpecifiedUserLoanNotFound_StatusCode404" classname="se.nackademin.librarytest.librarytestsystem.librarytestsystem.NegativLoanRestServiceTest" time="0.062"/>
  <testcase name="testPutLoanWithBookChanged_StatusCode400" classname="se.nackademin.librarytest.librarytestsystem.librarytestsystem.NegativLoanRestServiceTest" time="0.171">
    <failure message="Status code should be 201  expected:&lt;201&gt; but was:&lt;400&gt;" type="java.lang.AssertionError"><![CDATA[java.lang.AssertionError: Status code should be 201  expected:<201> but was:<400>
	at org.junit.Assert.fail(Assert.java:88)
	at org.junit.Assert.failNotEquals(Assert.java:834)
	at org.junit.Assert.assertEquals(Assert.java:645)
	at se.nackademin.librarytest.librarytestsystem.librarytestsystem.NegativLoanRestServiceTest.testPutLoanWithBookChanged_StatusCode400(NegativLoanRestServiceTest.java:409)
]]></failure>
    <system-out><![CDATA[Request method:	GET
Request path:	http://localhost:8080/librarytest-rest/loans
Proxy:			<none>
Request params:	<none>
Query params:	<none>
Form params:	<none>
Path params:	<none>
Multiparts:		<none>
Headers:		Accept=application/json, application/javascript, text/javascript
Cookies:		<none>
Body:			<none>
HTTP/1.1 200 OK
Server: Apache-Coyote/1.1
Content-Type: application/json
Transfer-Encoding: chunked
Date: Sat, 17 Jun 2017 16:18:22 GMT

{
    "loans": {
        "loan": [
            {
                "id": 171,
                "book": {
                    "id": 220,
                    "author": {
                        "id": 264,
                        "bio": "56d7370d-c226-4eaa-91e7-6155ea4878af",
                        "country": "d5aa",
                        "firstName": "77d7",
                        "lastName": "0e22"
                    },
                    "description": "29ea",
                    "isbn": "73bf",
                    "nbrPages": 245,
                    "publicationDate": "1993-06-26",
                    "title": "d634",
                    "totalNbrCopies": 86
                },
                "dateBorrowed": "2000-09-12",
                "dateDue": "1999-07-24",
                "user": {
                    "id": 244,
                    "displayName": "59f5",
                    "email": "3dc8",
                    "firstName": "59f5",
                    "lastName": "d6aa",
                    "password": "0419",
                    "phone": "ff55",
                    "role": "LOANER"
                }
            },
            {
                "id": 123,
                "book": {
                    "id": 66,
                    "author": {
                        "id": 287,
                        "bio": "c27c7a6a-f363-42a7-9320-99d04cbfe5ef",
                        "country": 3996,
                        "firstName": 1621,
                        "lastName": "24c6"
                    },
                    "description": "926c",
                    "isbn": "e534",
                    "nbrPages": 102,
                    "publicationDate": "1994-05-15",
                    "title": "20ad",
                    "totalNbrCopies": 212
                },
                "dateBorrowed": "1997-06-12",
                "dateDue": "1998-06-21",
                "user": {
                    "id": 284,
                    "displayName": "0fa7",
                    "email": "82a3",
                    "firstName": "0fa7",
                    "lastName": "abc1",
                    "password": "a3d6",
                    "phone": "0fff",
                    "role": "LOANER"
                }
            },
            {
                "id": 211,
                "book": {
                    "id": 190,
                    "author": {
                        "id": 149,
                        "bio": "78f32269-c824-411e-ac34-7ee950a55a3f",
                        "country": "b4d6",
                        "firstName": "0b21",
                        "lastName": "49cd"
                    },
                    "description": "e918",
                    "isbn": "fc3a",
                    "nbrPages": 67,
                    "publicationDate": "1997-11-30",
                    "title": "8e10",
                    "totalNbrCopies": 137
                },
                "dateBorrowed": "1992-10-24",
                "dateDue": "1994-08-29",
                "user": {
                    "id": 66,
                    "displayName": "ef5a",
                    "email": 4191,
                    "firstName": "ef5a",
                    "lastName": "f5b0",
                    "password": "a2c3",
                    "phone": "5a07",
                    "role": "LOANER"
                }
            },
            {
                "id": 25,
                "book": {
                    "id": 257,
                    "author": {
                        "id": 106,
                        "bio": "fd22c8c5-dfb1-487d-bace-2673742ae53f",
                        "country": "f659",
                        "firstName": "fac9",
                        "lastName": "9f67"
                    },
                    "description": "aac0",
                    "isbn": "db9b",
                    "nbrPages": 122,
                    "publicationDate": "1999-11-21",
                    "title": "b636",
                    "totalNbrCopies": 228
                },
                "dateBorrowed": "1995-08-05",
                "dateDue": "1995-12-19",
                "user": {
                    "id": 186,
                    "displayName": "e24b",
                    "email": "76b9",
                    "firstName": "e24b",
                    "lastName": 8673,
                    "password": 6464,
                    "phone": "aed7",
                    "role": "LOANER"
                }
            },
            {
                "id": 66,
                "book": {
                    "id": 204,
                    "description": "0e95",
                    "isbn": "37cd",
                    "nbrPages": 262,
                    "publicationDate": "1997-07-02",
                    "title": "f466",
                    "totalNbrCopies": 140
                },
                "dateBorrowed": "1999-08-19",
                "dateDue": "1997-11-24",
                "user": {
                    "id": 261,
                    "displayName": "32f2",
                    "email": "34df",
                    "firstName": "32f2",
                    "lastName": "4de3",
                    "password": "d659",
                    "phone": "f39e",
                    "role": "LOANER"
                }
            },
            {
                "id": 217,
                "book": {
                    "id": 265,
                    "author": {
                        "id": 51,
                        "bio": "9fd40f2d-4f16-4937-909f-6cd95cfb6902",
                        "country": "54d9",
                        "firstName": "dc8c",
                        "lastName": "115d"
                    },
                    "description": 4437,
                    "isbn": "37fa",
                    "nbrPages": 163,
                    "publicationDate": "2000-10-27",
                    "title": 7145,
                    "totalNbrCopies": 226
                },
                "dateBorrowed": "2000-07-03",
                "dateDue": "1999-06-28",
                "user": {
                    "id": 194,
                    "displayName": "ad31",
                    "email": "9e19",
                    "firstName": "ad31",
                    "lastName": "1bd1",
                    "password": "34fe",
                    "phone": "0b2c",
                    "role": "LOANER"
                }
            },
            {
                "id": 292,
                "book": {
                    "id": 265,
                    "author": {
                        "id": 51,
                        "bio": "9fd40f2d-4f16-4937-909f-6cd95cfb6902",
                        "country": "54d9",
                        "firstName": "dc8c",
                        "lastName": "115d"
                    },
                    "description": 4437,
                    "isbn": "37fa",
                    "nbrPages": 163,
                    "publicationDate": "2000-10-27",
                    "title": 7145,
                    "totalNbrCopies": 226
                },
                "dateBorrowed": "2000-07-03",
                "dateDue": "1999-06-28",
                "user": {
                    "id": 168,
                    "displayName": "ab62",
                    "email": "0b19",
                    "firstName": "ab62",
                    "lastName": "00b4",
                    "password": "b010",
                    "phone": "dffc",
                    "role": "LOANER"
                }
            }
        ]
    }
}
Request method:	POST
Request path:	http://localhost:8080/librarytest-rest/books
Proxy:			<none>
Request params:	<none>
Query params:	<none>
Form params:	<none>
Path params:	<none>
Multiparts:		<none>
Headers:		Accept=*/*
				Content-Type=application/json; charset=UTF-8
Cookies:		<none>
Body:
{
    "book": {
        "id": 121,
        "description": "dc83",
        "isbn": "f505",
        "nbrPages": 151,
        "publicationDate": "1994-09-10",
        "title": "348d",
        "totalNbrCopies": 58
    }
}
]]></system-out>
  </testcase>
  <testcase name="testPutLoanHadNoDateBorrowedSet_StatusCode400" classname="se.nackademin.librarytest.librarytestsystem.librarytestsystem.NegativLoanRestServiceTest" time="0">
    <skipped/>
  </testcase>
  <testcase name="testCreateLoanButUserDisplayNameAlreadyExistDB_StatusCode400" classname="se.nackademin.librarytest.librarytestsystem.librarytestsystem.NegativLoanRestServiceTest" time="0">
    <skipped/>
  </testcase>
</testsuite>