<?xml version="1.0" encoding="UTF-8"?>
<testsuite name="se.nackademin.librarytest.librarytestsystem.librarytestsystem.NegativLoanRestServiceTest" time="0.619" tests="19" errors="0" skipped="4" failures="2">
  <properties>
[...]
</properties>
  <testcase name="testGetLoanNotFound_StatusCode_404" classname="se.nackademin.librarytest.librarytestsystem.librarytestsystem.NegativLoanRestServiceTest" time="0.011"/>
  <testcase name="testPutLoanIdSet_StatusCode400" classname="se.nackademin.librarytest.librarytestsystem.librarytestsystem.NegativLoanRestServiceTest" time="0.001"/>
  <testcase name="testDeleteLoanNotFound_StatusCode_404" classname="se.nackademin.librarytest.librarytestsystem.librarytestsystem.NegativLoanRestServiceTest" time="0.005"/>
  <testcase name="createLoanUserNotFoundInDB_StatusCode400" classname="se.nackademin.librarytest.librarytestsystem.librarytestsystem.NegativLoanRestServiceTest" time="0.047"/>
  <testcase name="testCreateLoanBookNotFoundInDB_StatusCode400" classname="se.nackademin.librarytest.librarytestsystem.librarytestsystem.NegativLoanRestServiceTest" time="0.031"/>
  <testcase name="testGetLoanOfSpecifiedBookNotFound_StatusCode404" classname="se.nackademin.librarytest.librarytestsystem.librarytestsystem.NegativLoanRestServiceTest" time="0.037"/>
  <testcase name="testPutLoanWithUserChanged_StatusCode400" classname="se.nackademin.librarytest.librarytestsystem.librarytestsystem.NegativLoanRestServiceTest" time="0.096"/>
  <testcase name="testGetLoanOfSpecifiedBookBySpecifiedUserLoanNotFound_Status404" classname="se.nackademin.librarytest.librarytestsystem.librarytestsystem.NegativLoanRestServiceTest" time="0.095"/>
  <testcase name="testGetLoanOfSpecifiedBookBySpecifiedUserBookNotFound_Status404" classname="se.nackademin.librarytest.librarytestsystem.librarytestsystem.NegativLoanRestServiceTest" time="0.029"/>
  <testcase name="testCreateLoanWithNotEnoughAntallKopiaAvBook_StatusCode409" classname="se.nackademin.librarytest.librarytestsystem.librarytestsystem.NegativLoanRestServiceTest" time="0.076"/>
  <testcase name="testPutLoanHadNoDateOfDueSet_StatusCode400" classname="se.nackademin.librarytest.librarytestsystem.librarytestsystem.NegativLoanRestServiceTest" time="0">
    <skipped/>
  </testcase>
  <testcase name="testPutLoanNotFound_StatusCode404" classname="se.nackademin.librarytest.librarytestsystem.librarytestsystem.NegativLoanRestServiceTest" time="0.03">
    <failure message="Status code should be 201  expected:&lt;201&gt; but was:&lt;400&gt;" type="java.lang.AssertionError"><![CDATA[java.lang.AssertionError: Status code should be 201  expected:<201> but was:<400>
	at org.junit.Assert.fail(Assert.java:88)
	at org.junit.Assert.failNotEquals(Assert.java:834)
	at org.junit.Assert.assertEquals(Assert.java:645)
	at se.nackademin.librarytest.librarytestsystem.librarytestsystem.NegativLoanRestServiceTest.testPutLoanNotFound_StatusCode404(NegativLoanRestServiceTest.java:441)
]]></failure>
    <system-out><![CDATA[Request method:	POST
Request path:	http://localhost:8080/librarytest-rest/users/
Proxy:			<none>
Request params:	<none>
Query params:	<none>
Form params:	<none>
Path params:	<none>
Multiparts:		<none>
Headers:		Accept=*/*
				Content-Type=application/json; charset=UTF-8
Cookies:		<none>
Body:
{
    "user": {
        "displayName": "7389",
        "password": "20fc",
        "role": "LOANER",
        "firstName": "7389",
        "lastName": "b313",
        "phone": "25da",
        "email": "ce67",
        "id": 201
    }
}
Request method:	POST
Request path:	http://localhost:8080/librarytest-rest/books
Proxy:			<none>
Request params:	<none>
Query params:	<none>
Form params:	<none>
Path params:	<none>
Multiparts:		<none>
Headers:		Accept=*/*
				Content-Type=application/json; charset=UTF-8
Cookies:		<none>
Body:
{
    "book": {
        "id": 187,
        "description": "251c",
        "isbn": "712d",
        "nbrPages": 130,
        "publicationDate": "1995-01-10",
        "title": "533e",
        "totalNbrCopies": 200
    }
}
]]></system-out>
  </testcase>
  <testcase name="testCreateLoanWithSameUserAndBook_StatusCode409" classname="se.nackademin.librarytest.librarytestsystem.librarytestsystem.NegativLoanRestServiceTest" time="0.04"/>
  <testcase name="testGetLoanOfSpecifiedUserNotFound_StatusCode404" classname="se.nackademin.librarytest.librarytestsystem.librarytestsystem.NegativLoanRestServiceTest" time="0.013"/>
  <testcase name="testCreateLoanUserHasNoRole_StatusCode400" classname="se.nackademin.librarytest.librarytestsystem.librarytestsystem.NegativLoanRestServiceTest" time="0">
    <skipped/>
  </testcase>
  <testcase name="testGetLoanOfSpecifiedUserLoanNotFound_StatusCode404" classname="se.nackademin.librarytest.librarytestsystem.librarytestsystem.NegativLoanRestServiceTest" time="0.026">
    <failure message="Status code should be 201  expected:&lt;201&gt; but was:&lt;400&gt;" type="java.lang.AssertionError"><![CDATA[java.lang.AssertionError: Status code should be 201  expected:<201> but was:<400>
	at org.junit.Assert.fail(Assert.java:88)
	at org.junit.Assert.failNotEquals(Assert.java:834)
	at org.junit.Assert.assertEquals(Assert.java:645)
	at se.nackademin.librarytest.librarytestsystem.librarytestsystem.NegativLoanRestServiceTest.testGetLoanOfSpecifiedUserLoanNotFound_StatusCode404(NegativLoanRestServiceTest.java:513)
]]></failure>
    <system-out><![CDATA[Request method:	POST
Request path:	http://localhost:8080/librarytest-rest/users/
Proxy:			<none>
Request params:	<none>
Query params:	<none>
Form params:	<none>
Path params:	<none>
Multiparts:		<none>
Headers:		Accept=*/*
				Content-Type=application/json; charset=UTF-8
Cookies:		<none>
Body:
{
    "user": {
        "displayName": "2a62",
        "password": "81d2",
        "role": "LOANER",
        "firstName": "2a62",
        "lastName": "8ce7",
        "phone": "1c2f",
        "email": "9318",
        "id": 188
    }
}
Request method:	POST
Request path:	http://localhost:8080/librarytest-rest/books
Proxy:			<none>
Request params:	<none>
Query params:	<none>
Form params:	<none>
Path params:	<none>
Multiparts:		<none>
Headers:		Accept=*/*
				Content-Type=application/json; charset=UTF-8
Cookies:		<none>
Body:
{
    "book": {
        "id": 259,
        "description": "3388",
        "isbn": "28b4",
        "nbrPages": 196,
        "publicationDate": "1995-02-04",
        "title": "910f",
        "totalNbrCopies": 62
    }
}
]]></system-out>
  </testcase>
  <testcase name="testPutLoanWithBookChanged_StatusCode400" classname="se.nackademin.librarytest.librarytestsystem.librarytestsystem.NegativLoanRestServiceTest" time="0.082"/>
  <testcase name="testPutLoanHadNoDateBorrowedSet_StatusCode400" classname="se.nackademin.librarytest.librarytestsystem.librarytestsystem.NegativLoanRestServiceTest" time="0">
    <skipped/>
  </testcase>
  <testcase name="testCreateLoanButUserDisplayNameAlreadyExistDB_StatusCode400" classname="se.nackademin.librarytest.librarytestsystem.librarytestsystem.NegativLoanRestServiceTest" time="0">
    <skipped/>
  </testcase>
</testsuite>