<?xml version="1.0" encoding="UTF-8"?>
<testsuite name="se.nackademin.librarytest.librarytestsystem.librarytestsystem.NegativBookRestServiceTest" time="0.221" tests="17" errors="0" skipped="1" failures="3">
  <properties>
[...]
</properties>
  <testcase name="testCreateBookWithIDInDB_StusCode400" classname="se.nackademin.librarytest.librarytestsystem.librarytestsystem.NegativBookRestServiceTest" time="0.029"/>
  <testcase name="testUpdateSpecifiedBookWithAuthorListBookNotFound_StusCode404" classname="se.nackademin.librarytest.librarytestsystem.librarytestsystem.NegativBookRestServiceTest" time="0"/>
  <testcase name="testUpdateBookWithNoAuthorsNameInDB_StusCode400" classname="se.nackademin.librarytest.librarytestsystem.librarytestsystem.NegativBookRestServiceTest" time="0">
    <skipped/>
  </testcase>
  <testcase name="testAddAuthorTospecifiedBookWithNoAuthorsID_StusCode400" classname="se.nackademin.librarytest.librarytestsystem.librarytestsystem.NegativBookRestServiceTest" time="0"/>
  <testcase name="testCreateBookWithNoTitle_StusCode400" classname="se.nackademin.librarytest.librarytestsystem.librarytestsystem.NegativBookRestServiceTest" time="0.016"/>
  <testcase name="testAddAuthorToSpecifiedBookNotFound_StusCode404" classname="se.nackademin.librarytest.librarytestsystem.librarytestsystem.NegativBookRestServiceTest" time="0"/>
  <testcase name="testDeleteBookByIdNotFound_StusCode404" classname="se.nackademin.librarytest.librarytestsystem.librarytestsystem.NegativBookRestServiceTest" time="0.039"/>
  <testcase name="testUpdateBookWithAuthorListToSpecifiedBookWithNoIDForOneAuthor_StusCode400" classname="se.nackademin.librarytest.librarytestsystem.librarytestsystem.NegativBookRestServiceTest" time="0"/>
  <testcase name="testGetAuthorOfSpecifiedBookNotFound_StatusCoce404" classname="se.nackademin.librarytest.librarytestsystem.librarytestsystem.NegativBookRestServiceTest" time="0.027">
    <failure message="Status code shoud be 404 expected:&lt;404&gt; but was:&lt;200&gt;" type="java.lang.AssertionError"><![CDATA[java.lang.AssertionError: Status code shoud be 404 expected:<404> but was:<200>
	at org.junit.Assert.fail(Assert.java:88)
	at org.junit.Assert.failNotEquals(Assert.java:834)
	at org.junit.Assert.assertEquals(Assert.java:645)
	at se.nackademin.librarytest.librarytestsystem.librarytestsystem.NegativBookRestServiceTest.testGetAuthorOfSpecifiedBookNotFound_StatusCoce404(NegativBookRestServiceTest.java:288)
]]></failure>
    <system-out><![CDATA[Request method:	GET
Request path:	http://localhost:8080/librarytest-rest/books/251/authors
Proxy:			<none>
Request params:	<none>
Query params:	<none>
Form params:	<none>
Path params:	<none>
Multiparts:		<none>
Headers:		Accept=application/json, application/javascript, text/javascript
Cookies:		<none>
Body:			<none>
HTTP/1.1 200 OK
Server: Apache-Coyote/1.1
Content-Type: application/json
Transfer-Encoding: chunked
Date: Sat, 17 Jun 2017 16:18:22 GMT

{
    "authors": ""
}
]]></system-out>
  </testcase>
  <testcase name="testAddAuthorTospecifiedBook_StusCode400" classname="se.nackademin.librarytest.librarytestsystem.librarytestsystem.NegativBookRestServiceTest" time="0"/>
  <testcase name="testCreateBookWithNoAuthorsID_StusCode400" classname="se.nackademin.librarytest.librarytestsystem.librarytestsystem.NegativBookRestServiceTest" time="0.015"/>
  <testcase name="testUpdateBookWithAuthorListToSpecifiedBookAuthorExistInTheListOfBook_StusCode400" classname="se.nackademin.librarytest.librarytestsystem.librarytestsystem.NegativBookRestServiceTest" time="0"/>
  <testcase name="testCreateBookWithNoAuthorsNameInDB_StusCode400" classname="se.nackademin.librarytest.librarytestsystem.librarytestsystem.NegativBookRestServiceTest" time="0.015"/>
  <testcase name="testUpdateBookWithNoAuthorsID_StusCode400" classname="se.nackademin.librarytest.librarytestsystem.librarytestsystem.NegativBookRestServiceTest" time="0.037"/>
  <testcase name="testUpdateAuthorsListOfBookWithNoAuthorsIDForOneAuthor_StusCode400" classname="se.nackademin.librarytest.librarytestsystem.librarytestsystem.NegativBookRestServiceTest" time="0.022">
    <failure message="Status code should be 201 expected:&lt;201&gt; but was:&lt;400&gt;" type="java.lang.AssertionError"><![CDATA[java.lang.AssertionError: Status code should be 201 expected:<201> but was:<400>
	at org.junit.Assert.fail(Assert.java:88)
	at org.junit.Assert.failNotEquals(Assert.java:834)
	at org.junit.Assert.assertEquals(Assert.java:645)
	at se.nackademin.librarytest.librarytestsystem.librarytestsystem.NegativBookRestServiceTest.testUpdateAuthorsListOfBookWithNoAuthorsIDForOneAuthor_StusCode400(NegativBookRestServiceTest.java:263)
]]></failure>
    <system-out><![CDATA[Request method:	POST
Request path:	http://localhost:8080/librarytest-rest/books
Proxy:			<none>
Request params:	<none>
Query params:	<none>
Form params:	<none>
Path params:	<none>
Multiparts:		<none>
Headers:		Accept=*/*
				Content-Type=application/json; charset=UTF-8
Cookies:		<none>
Body:
{
    "book": {
        "id": 164,
        "description": "06c2",
        "isbn": "c534",
        "nbrPages": 57,
        "publicationDate": "1998-11-17",
        "title": "6b46",
        "totalNbrCopies": 108
    }
}
New books id är: 164 och statusCode är: 201
Request method:	POST
Request path:	http://localhost:8080/librarytest-rest/authors
Proxy:			<none>
Request params:	<none>
Query params:	<none>
Form params:	<none>
Path params:	<none>
Multiparts:		<none>
Headers:		Accept=*/*
				Content-Type=application/json; charset=UTF-8
Cookies:		<none>
Body:
{
    "author": {
        "id": 212,
        "firstName": "3e8f",
        "lastName": "ab2c",
        "country": "fed0",
        "bio": "63514f06-ad43-4663-a40a-ce7733ac619a",
        "authors": [
            
        ]
    }
}
]]></system-out>
  </testcase>
  <testcase name="testGetBookByIdNotfound_StatusCode404" classname="se.nackademin.librarytest.librarytestsystem.librarytestsystem.NegativBookRestServiceTest" time="0.007"/>
  <testcase name="testUpdateBookWithoutTitle_StusCode400" classname="se.nackademin.librarytest.librarytestsystem.librarytestsystem.NegativBookRestServiceTest" time="0.014">
    <failure message="Status code should be 201 expected:&lt;201&gt; but was:&lt;400&gt;" type="java.lang.AssertionError"><![CDATA[java.lang.AssertionError: Status code should be 201 expected:<201> but was:<400>
	at org.junit.Assert.fail(Assert.java:88)
	at org.junit.Assert.failNotEquals(Assert.java:834)
	at org.junit.Assert.assertEquals(Assert.java:645)
	at se.nackademin.librarytest.librarytestsystem.librarytestsystem.NegativBookRestServiceTest.testUpdateBookWithoutTitle_StusCode400(NegativBookRestServiceTest.java:124)
]]></failure>
    <system-out><![CDATA[Request method:	POST
Request path:	http://localhost:8080/librarytest-rest/books
Proxy:			<none>
Request params:	<none>
Query params:	<none>
Form params:	<none>
Path params:	<none>
Multiparts:		<none>
Headers:		Accept=*/*
				Content-Type=application/json; charset=UTF-8
Cookies:		<none>
Body:
{
    "book": {
        "id": 164,
        "description": "4087",
        "isbn": "b3d5",
        "nbrPages": 276,
        "publicationDate": "1991-05-20",
        "title": "7568",
        "totalNbrCopies": 251
    }
}
]]></system-out>
  </testcase>
</testsuite>