<?xml version="1.0" encoding="UTF-8"?>
<testsuite name="se.nackademin.librarytest.librarytestsystem.librarytestsystem.NegativLoanRestServiceTest" time="0.619" tests="19" errors="0" skipped="4" failures="2">
  <properties>
    <property name="java.runtime.name" value="Java(TM) SE Runtime Environment"/>
    <property name="sun.boot.library.path" value="/usr/lib/jvm/java-8-oracle/jre/lib/i386"/>
    <property name="java.vm.version" value="25.121-b13"/>
    <property name="java.vm.vendor" value="Oracle Corporation"/>
    <property name="maven.multiModuleProjectDirectory" value="/home/testautom-nack/NetBeansProjects/librarytest/librarytestsystem"/>
    <property name="java.vendor.url" value="http://java.oracle.com/"/>
    <property name="path.separator" value=":"/>
    <property name="guice.disable.misplaced.annotation.check" value="true"/>
    <property name="java.vm.name" value="Java HotSpot(TM) Client VM"/>
    <property name="file.encoding.pkg" value="sun.io"/>
    <property name="user.country" value="US"/>
    <property name="sun.java.launcher" value="SUN_STANDARD"/>
    <property name="sun.os.patch.level" value="unknown"/>
    <property name="java.vm.specification.name" value="Java Virtual Machine Specification"/>
    <property name="user.dir" value="/home/testautom-nack/NetBeansProjects/librarytest/librarytestsystem"/>
    <property name="java.runtime.version" value="1.8.0_121-b13"/>
    <property name="java.awt.graphicsenv" value="sun.awt.X11GraphicsEnvironment"/>
    <property name="java.endorsed.dirs" value="/usr/lib/jvm/java-8-oracle/jre/lib/endorsed"/>
    <property name="os.arch" value="i386"/>
    <property name="java.io.tmpdir" value="/tmp"/>
    <property name="line.separator" value="&#10;"/>
    <property name="java.vm.specification.vendor" value="Oracle Corporation"/>
    <property name="os.name" value="Linux"/>
    <property name="maven.ext.class.path" value="/home/testautom-nack/netbeans-8.2/java/maven-nblib/netbeans-eventspy.jar"/>
    <property name="classworlds.conf" value="/usr/share/maven/bin/m2.conf"/>
    <property name="sun.jnu.encoding" value="UTF-8"/>
    <property name="java.library.path" value="/usr/lib/jvm/java-8-oracle/jre/lib/amd64:/usr/lib/jvm/java-8-oracle/jre/lib/i386::/usr/java/packages/lib/i386:/lib:/usr/lib"/>
    <property name="java.specification.name" value="Java Platform API Specification"/>
    <property name="java.class.version" value="52.0"/>
    <property name="sun.management.compiler" value="HotSpot Client Compiler"/>
    <property name="os.version" value="4.4.0-79-generic"/>
    <property name="user.home" value="/home/testautom-nack"/>
    <property name="user.timezone" value="Europe/Stockholm"/>
    <property name="java.awt.printerjob" value="sun.print.PSPrinterJob"/>
    <property name="java.specification.version" value="1.8"/>
    <property name="file.encoding" value="UTF-8"/>
    <property name="user.name" value="testautom-nack"/>
    <property name="java.class.path" value="/usr/share/maven/boot/plexus-classworlds-2.x.jar"/>
    <property name="java.vm.specification.version" value="1.8"/>
    <property name="sun.arch.data.model" value="32"/>
    <property name="java.home" value="/usr/lib/jvm/java-8-oracle/jre"/>
    <property name="sun.java.command" value="org.codehaus.plexus.classworlds.launcher.Launcher -Dmaven.ext.class.path=/home/testautom-nack/netbeans-8.2/java/maven-nblib/netbeans-eventspy.jar clean install"/>
    <property name="java.specification.vendor" value="Oracle Corporation"/>
    <property name="user.language" value="en"/>
    <property name="awt.toolkit" value="sun.awt.X11.XToolkit"/>
    <property name="java.vm.info" value="mixed mode"/>
    <property name="java.version" value="1.8.0_121"/>
    <property name="java.ext.dirs" value="/usr/lib/jvm/java-8-oracle/jre/lib/ext:/usr/java/packages/lib/ext"/>
    <property name="securerandom.source" value="file:/dev/./urandom"/>
    <property name="sun.boot.class.path" value="/usr/lib/jvm/java-8-oracle/jre/lib/resources.jar:/usr/lib/jvm/java-8-oracle/jre/lib/rt.jar:/usr/lib/jvm/java-8-oracle/jre/lib/sunrsasign.jar:/usr/lib/jvm/java-8-oracle/jre/lib/jsse.jar:/usr/lib/jvm/java-8-oracle/jre/lib/jce.jar:/usr/lib/jvm/java-8-oracle/jre/lib/charsets.jar:/usr/lib/jvm/java-8-oracle/jre/lib/jfr.jar:/usr/lib/jvm/java-8-oracle/jre/classes"/>
    <property name="java.vendor" value="Oracle Corporation"/>
    <property name="maven.home" value="/usr/share/maven"/>
    <property name="file.separator" value="/"/>
    <property name="java.vendor.url.bug" value="http://bugreport.sun.com/bugreport/"/>
    <property name="sun.cpu.endian" value="little"/>
    <property name="sun.io.unicode.encoding" value="UnicodeLittle"/>
    <property name="sun.desktop" value="gnome"/>
    <property name="sun.cpu.isalist" value=""/>
  </properties>
  <testcase name="testGetLoanNotFound_StatusCode_404" classname="se.nackademin.librarytest.librarytestsystem.librarytestsystem.NegativLoanRestServiceTest" time="0.011"/>
  <testcase name="testPutLoanIdSet_StatusCode400" classname="se.nackademin.librarytest.librarytestsystem.librarytestsystem.NegativLoanRestServiceTest" time="0.001"/>
  <testcase name="testDeleteLoanNotFound_StatusCode_404" classname="se.nackademin.librarytest.librarytestsystem.librarytestsystem.NegativLoanRestServiceTest" time="0.005"/>
  <testcase name="createLoanUserNotFoundInDB_StatusCode400" classname="se.nackademin.librarytest.librarytestsystem.librarytestsystem.NegativLoanRestServiceTest" time="0.047"/>
  <testcase name="testCreateLoanBookNotFoundInDB_StatusCode400" classname="se.nackademin.librarytest.librarytestsystem.librarytestsystem.NegativLoanRestServiceTest" time="0.031"/>
  <testcase name="testGetLoanOfSpecifiedBookNotFound_StatusCode404" classname="se.nackademin.librarytest.librarytestsystem.librarytestsystem.NegativLoanRestServiceTest" time="0.037"/>
  <testcase name="testPutLoanWithUserChanged_StatusCode400" classname="se.nackademin.librarytest.librarytestsystem.librarytestsystem.NegativLoanRestServiceTest" time="0.096"/>
  <testcase name="testGetLoanOfSpecifiedBookBySpecifiedUserLoanNotFound_Status404" classname="se.nackademin.librarytest.librarytestsystem.librarytestsystem.NegativLoanRestServiceTest" time="0.095"/>
  <testcase name="testGetLoanOfSpecifiedBookBySpecifiedUserBookNotFound_Status404" classname="se.nackademin.librarytest.librarytestsystem.librarytestsystem.NegativLoanRestServiceTest" time="0.029"/>
  <testcase name="testCreateLoanWithNotEnoughAntallKopiaAvBook_StatusCode409" classname="se.nackademin.librarytest.librarytestsystem.librarytestsystem.NegativLoanRestServiceTest" time="0.076"/>
  <testcase name="testPutLoanHadNoDateOfDueSet_StatusCode400" classname="se.nackademin.librarytest.librarytestsystem.librarytestsystem.NegativLoanRestServiceTest" time="0">
    <skipped/>
  </testcase>
  <testcase name="testPutLoanNotFound_StatusCode404" classname="se.nackademin.librarytest.librarytestsystem.librarytestsystem.NegativLoanRestServiceTest" time="0.03">
    <failure message="Status code should be 201  expected:&lt;201&gt; but was:&lt;400&gt;" type="java.lang.AssertionError"><![CDATA[java.lang.AssertionError: Status code should be 201  expected:<201> but was:<400>
	at org.junit.Assert.fail(Assert.java:88)
	at org.junit.Assert.failNotEquals(Assert.java:834)
	at org.junit.Assert.assertEquals(Assert.java:645)
	at se.nackademin.librarytest.librarytestsystem.librarytestsystem.NegativLoanRestServiceTest.testPutLoanNotFound_StatusCode404(NegativLoanRestServiceTest.java:441)
]]></failure>
    <system-out><![CDATA[Request method:	POST
Request path:	http://localhost:8080/librarytest-rest/users/
Proxy:			<none>
Request params:	<none>
Query params:	<none>
Form params:	<none>
Path params:	<none>
Multiparts:		<none>
Headers:		Accept=*/*
				Content-Type=application/json; charset=UTF-8
Cookies:		<none>
Body:
{
    "user": {
        "displayName": "7389",
        "password": "20fc",
        "role": "LOANER",
        "firstName": "7389",
        "lastName": "b313",
        "phone": "25da",
        "email": "ce67",
        "id": 201
    }
}
Request method:	POST
Request path:	http://localhost:8080/librarytest-rest/books
Proxy:			<none>
Request params:	<none>
Query params:	<none>
Form params:	<none>
Path params:	<none>
Multiparts:		<none>
Headers:		Accept=*/*
				Content-Type=application/json; charset=UTF-8
Cookies:		<none>
Body:
{
    "book": {
        "id": 187,
        "description": "251c",
        "isbn": "712d",
        "nbrPages": 130,
        "publicationDate": "1995-01-10",
        "title": "533e",
        "totalNbrCopies": 200
    }
}
]]></system-out>
  </testcase>
  <testcase name="testCreateLoanWithSameUserAndBook_StatusCode409" classname="se.nackademin.librarytest.librarytestsystem.librarytestsystem.NegativLoanRestServiceTest" time="0.04"/>
  <testcase name="testGetLoanOfSpecifiedUserNotFound_StatusCode404" classname="se.nackademin.librarytest.librarytestsystem.librarytestsystem.NegativLoanRestServiceTest" time="0.013"/>
  <testcase name="testCreateLoanUserHasNoRole_StatusCode400" classname="se.nackademin.librarytest.librarytestsystem.librarytestsystem.NegativLoanRestServiceTest" time="0">
    <skipped/>
  </testcase>
  <testcase name="testGetLoanOfSpecifiedUserLoanNotFound_StatusCode404" classname="se.nackademin.librarytest.librarytestsystem.librarytestsystem.NegativLoanRestServiceTest" time="0.026">
    <failure message="Status code should be 201  expected:&lt;201&gt; but was:&lt;400&gt;" type="java.lang.AssertionError"><![CDATA[java.lang.AssertionError: Status code should be 201  expected:<201> but was:<400>
	at org.junit.Assert.fail(Assert.java:88)
	at org.junit.Assert.failNotEquals(Assert.java:834)
	at org.junit.Assert.assertEquals(Assert.java:645)
	at se.nackademin.librarytest.librarytestsystem.librarytestsystem.NegativLoanRestServiceTest.testGetLoanOfSpecifiedUserLoanNotFound_StatusCode404(NegativLoanRestServiceTest.java:513)
]]></failure>
    <system-out><![CDATA[Request method:	POST
Request path:	http://localhost:8080/librarytest-rest/users/
Proxy:			<none>
Request params:	<none>
Query params:	<none>
Form params:	<none>
Path params:	<none>
Multiparts:		<none>
Headers:		Accept=*/*
				Content-Type=application/json; charset=UTF-8
Cookies:		<none>
Body:
{
    "user": {
        "displayName": "2a62",
        "password": "81d2",
        "role": "LOANER",
        "firstName": "2a62",
        "lastName": "8ce7",
        "phone": "1c2f",
        "email": "9318",
        "id": 188
    }
}
Request method:	POST
Request path:	http://localhost:8080/librarytest-rest/books
Proxy:			<none>
Request params:	<none>
Query params:	<none>
Form params:	<none>
Path params:	<none>
Multiparts:		<none>
Headers:		Accept=*/*
				Content-Type=application/json; charset=UTF-8
Cookies:		<none>
Body:
{
    "book": {
        "id": 259,
        "description": "3388",
        "isbn": "28b4",
        "nbrPages": 196,
        "publicationDate": "1995-02-04",
        "title": "910f",
        "totalNbrCopies": 62
    }
}
]]></system-out>
  </testcase>
  <testcase name="testPutLoanWithBookChanged_StatusCode400" classname="se.nackademin.librarytest.librarytestsystem.librarytestsystem.NegativLoanRestServiceTest" time="0.082"/>
  <testcase name="testPutLoanHadNoDateBorrowedSet_StatusCode400" classname="se.nackademin.librarytest.librarytestsystem.librarytestsystem.NegativLoanRestServiceTest" time="0">
    <skipped/>
  </testcase>
  <testcase name="testCreateLoanButUserDisplayNameAlreadyExistDB_StatusCode400" classname="se.nackademin.librarytest.librarytestsystem.librarytestsystem.NegativLoanRestServiceTest" time="0">
    <skipped/>
  </testcase>
</testsuite>