<?xml version="1.0" encoding="UTF-8"?>
<testsuite name="se.nackademin.librarytest.librarytestsystem.librarytestsystem.LoanRestServiceTest" time="0.722" tests="9" errors="0" skipped="1" failures="5">
  <properties>
[...]
</properties>
  <testcase name="testGetLoanWithSpicifiedID" classname="se.nackademin.librarytest.librarytestsystem.librarytestsystem.LoanRestServiceTest" time="0.083">
    <failure message="Status code should be 201  expected:&lt;201&gt; but was:&lt;400&gt;" type="java.lang.AssertionError"><![CDATA[java.lang.AssertionError: Status code should be 201  expected:<201> but was:<400>
	at org.junit.Assert.fail(Assert.java:88)
	at org.junit.Assert.failNotEquals(Assert.java:834)
	at org.junit.Assert.assertEquals(Assert.java:645)
	at se.nackademin.librarytest.librarytestsystem.librarytestsystem.BookRestServiceTest.createBook(BookRestServiceTest.java:264)
	at se.nackademin.librarytest.librarytestsystem.librarytestsystem.LoanRestServiceTest.testGetLoanWithSpicifiedID(LoanRestServiceTest.java:142)
]]></failure>
    <system-out><![CDATA[Request method:	POST
Request path:	http://localhost:8080/librarytest-rest/users/
Proxy:			<none>
Request params:	<none>
Query params:	<none>
Form params:	<none>
Path params:	<none>
Multiparts:		<none>
Headers:		Accept=*/*
				Content-Type=application/json; charset=UTF-8
Cookies:		<none>
Body:
{
    "user": {
        "displayName": "9ab2",
        "password": "838b",
        "role": "LOANER",
        "firstName": "9ab2",
        "lastName": "56cb",
        "phone": "7ab1",
        "email": "ab79",
        "id": 298
    }
}
Request method:	POST
Request path:	http://localhost:8080/librarytest-rest/authors
Proxy:			<none>
Request params:	<none>
Query params:	<none>
Form params:	<none>
Path params:	<none>
Multiparts:		<none>
Headers:		Accept=*/*
				Content-Type=application/json; charset=UTF-8
Cookies:		<none>
Body:
{
    "author": {
        "id": 110,
        "firstName": "dc48",
        "lastName": "5ab7",
        "country": "7454",
        "bio": "d99c02d9-ca1c-4dd6-ad79-76526c45c5f5",
        "authors": [
            
        ]
    }
}
]]></system-out>
  </testcase>
  <testcase name="testGetAllaLoan" classname="se.nackademin.librarytest.librarytestsystem.librarytestsystem.LoanRestServiceTest" time="0.052"/>
  <testcase name="testDeleateLoan" classname="se.nackademin.librarytest.librarytestsystem.librarytestsystem.LoanRestServiceTest" time="0">
    <skipped/>
  </testcase>
  <testcase name="testUpdateLoanWithNewData" classname="se.nackademin.librarytest.librarytestsystem.librarytestsystem.LoanRestServiceTest" time="0.256"/>
  <testcase name="testGetLoanoOfSpecifiedBookBySpecifiedUser" classname="se.nackademin.librarytest.librarytestsystem.librarytestsystem.LoanRestServiceTest" time="0.158"/>
  <testcase name="testDeleteWithSpicifiedID" classname="se.nackademin.librarytest.librarytestsystem.librarytestsystem.LoanRestServiceTest" time="0.047">
    <failure message="Status code should be 201  expected:&lt;201&gt; but was:&lt;400&gt;" type="java.lang.AssertionError"><![CDATA[java.lang.AssertionError: Status code should be 201  expected:<201> but was:<400>
	at org.junit.Assert.fail(Assert.java:88)
	at org.junit.Assert.failNotEquals(Assert.java:834)
	at org.junit.Assert.assertEquals(Assert.java:645)
	at se.nackademin.librarytest.librarytestsystem.librarytestsystem.LoanRestServiceTest.testDeleteWithSpicifiedID(LoanRestServiceTest.java:179)
]]></failure>
    <system-out><![CDATA[Request method:	POST
Request path:	http://localhost:8080/librarytest-rest/users/
Proxy:			<none>
Request params:	<none>
Query params:	<none>
Form params:	<none>
Path params:	<none>
Multiparts:		<none>
Headers:		Accept=*/*
				Content-Type=application/json; charset=UTF-8
Cookies:		<none>
Body:
{
    "user": {
        "displayName": "9ac1",
        "password": "f28d",
        "role": "LOANER",
        "firstName": "9ac1",
        "lastName": "55f9",
        "phone": "3a6b",
        "email": "25db",
        "id": 158
    }
}
Request method:	POST
Request path:	http://localhost:8080/librarytest-rest/authors
Proxy:			<none>
Request params:	<none>
Query params:	<none>
Form params:	<none>
Path params:	<none>
Multiparts:		<none>
Headers:		Accept=*/*
				Content-Type=application/json; charset=UTF-8
Cookies:		<none>
Body:
{
    "author": {
        "id": 296,
        "firstName": "a7fa",
        "lastName": "dc67",
        "country": "3bc6",
        "bio": "b73bcbc1-709c-4f43-a748-f080acd0456f",
        "authors": [
            
        ]
    }
}
Request method:	POST
Request path:	http://localhost:8080/librarytest-rest/books
Proxy:			<none>
Request params:	<none>
Query params:	<none>
Form params:	<none>
Path params:	<none>
Multiparts:		<none>
Headers:		Accept=*/*
				Content-Type=application/json; charset=UTF-8
Cookies:		<none>
Body:
{
    "book": {
        "id": 82,
        "description": "9c7d",
        "isbn": "b406",
        "nbrPages": 268,
        "publicationDate": "1992-03-27",
        "title": "27a0",
        "totalNbrCopies": 63,
        "author": {
            "id": 296,
            "firstName": "a7fa",
            "lastName": "dc67",
            "country": "3bc6",
            "bio": "b73bcbc1-709c-4f43-a748-f080acd0456f",
            "authors": [
                
            ]
        }
    }
}
]]></system-out>
  </testcase>
  <testcase name="testCreateloan" classname="se.nackademin.librarytest.librarytestsystem.librarytestsystem.LoanRestServiceTest" time="0.011">
    <failure message="Status code should be 201  expected:&lt;201&gt; but was:&lt;400&gt;" type="java.lang.AssertionError"><![CDATA[java.lang.AssertionError: Status code should be 201  expected:<201> but was:<400>
	at org.junit.Assert.fail(Assert.java:88)
	at org.junit.Assert.failNotEquals(Assert.java:834)
	at org.junit.Assert.assertEquals(Assert.java:645)
	at se.nackademin.librarytest.librarytestsystem.librarytestsystem.LoanRestServiceTest.testCreateloan(LoanRestServiceTest.java:54)
]]></failure>
    <system-out><![CDATA[Request method:	POST
Request path:	http://localhost:8080/librarytest-rest/users/
Proxy:			<none>
Request params:	<none>
Query params:	<none>
Form params:	<none>
Path params:	<none>
Multiparts:		<none>
Headers:		Accept=*/*
				Content-Type=application/json; charset=UTF-8
Cookies:		<none>
Body:
{
    "user": {
        "displayName": "406e",
        "password": "0864",
        "role": "LOANER",
        "firstName": "406e",
        "lastName": "e4aa",
        "phone": "5148",
        "email": "ef94",
        "id": 286
    }
}
]]></system-out>
  </testcase>
  <testcase name="testGetAllLoansOfTheSpecifiedBook" classname="se.nackademin.librarytest.librarytestsystem.librarytestsystem.LoanRestServiceTest" time="0.057">
    <failure message="Status code should be 201  expected:&lt;201&gt; but was:&lt;400&gt;" type="java.lang.AssertionError"><![CDATA[java.lang.AssertionError: Status code should be 201  expected:<201> but was:<400>
	at org.junit.Assert.fail(Assert.java:88)
	at org.junit.Assert.failNotEquals(Assert.java:834)
	at org.junit.Assert.assertEquals(Assert.java:645)
	at se.nackademin.librarytest.librarytestsystem.librarytestsystem.BookRestServiceTest.createBook(BookRestServiceTest.java:264)
	at se.nackademin.librarytest.librarytestsystem.librarytestsystem.LoanRestServiceTest.testGetAllLoansOfTheSpecifiedBook(LoanRestServiceTest.java:271)
]]></failure>
    <system-out><![CDATA[Request method:	POST
Request path:	http://localhost:8080/librarytest-rest/users/
Proxy:			<none>
Request params:	<none>
Query params:	<none>
Form params:	<none>
Path params:	<none>
Multiparts:		<none>
Headers:		Accept=*/*
				Content-Type=application/json; charset=UTF-8
Cookies:		<none>
Body:
{
    "user": {
        "displayName": "70f0",
        "password": "0153",
        "role": "LOANER",
        "firstName": "70f0",
        "lastName": "7435",
        "phone": "c3b0",
        "email": "7f31",
        "id": 105
    }
}
Request method:	POST
Request path:	http://localhost:8080/librarytest-rest/users/
Proxy:			<none>
Request params:	<none>
Query params:	<none>
Form params:	<none>
Path params:	<none>
Multiparts:		<none>
Headers:		Accept=*/*
				Content-Type=application/json; charset=UTF-8
Cookies:		<none>
Body:
{
    "user": {
        "displayName": "f928",
        "password": "9d11",
        "role": "LOANER",
        "firstName": "f928",
        "lastName": "4627",
        "phone": "0da3",
        "email": "187d",
        "id": 88
    }
}
Request method:	POST
Request path:	http://localhost:8080/librarytest-rest/authors
Proxy:			<none>
Request params:	<none>
Query params:	<none>
Form params:	<none>
Path params:	<none>
Multiparts:		<none>
Headers:		Accept=*/*
				Content-Type=application/json; charset=UTF-8
Cookies:		<none>
Body:
{
    "author": {
        "id": 124,
        "firstName": "54a9",
        "lastName": "b3b9",
        "country": "f1f8",
        "bio": "e9392a1f-f011-4192-b5a3-d966fa3787ed",
        "authors": [
            
        ]
    }
}
]]></system-out>
  </testcase>
  <testcase name="testGetAllLoansOfTheSpecifiedUser" classname="se.nackademin.librarytest.librarytestsystem.librarytestsystem.LoanRestServiceTest" time="0.058">
    <failure message="Status code should be 201  expected:&lt;201&gt; but was:&lt;400&gt;" type="java.lang.AssertionError"><![CDATA[java.lang.AssertionError: Status code should be 201  expected:<201> but was:<400>
	at org.junit.Assert.fail(Assert.java:88)
	at org.junit.Assert.failNotEquals(Assert.java:834)
	at org.junit.Assert.assertEquals(Assert.java:645)
	at se.nackademin.librarytest.librarytestsystem.librarytestsystem.BookRestServiceTest.createBook(BookRestServiceTest.java:264)
	at se.nackademin.librarytest.librarytestsystem.librarytestsystem.LoanRestServiceTest.testGetAllLoansOfTheSpecifiedUser(LoanRestServiceTest.java:216)
]]></failure>
    <system-out><![CDATA[Request method:	POST
Request path:	http://localhost:8080/librarytest-rest/users/
Proxy:			<none>
Request params:	<none>
Query params:	<none>
Form params:	<none>
Path params:	<none>
Multiparts:		<none>
Headers:		Accept=*/*
				Content-Type=application/json; charset=UTF-8
Cookies:		<none>
Body:
{
    "user": {
        "displayName": "7272",
        "password": "d6ba",
        "role": "LOANER",
        "firstName": "7272",
        "lastName": "0035",
        "phone": "f302",
        "email": "cfd7",
        "id": 96
    }
}
Request method:	POST
Request path:	http://localhost:8080/librarytest-rest/authors
Proxy:			<none>
Request params:	<none>
Query params:	<none>
Form params:	<none>
Path params:	<none>
Multiparts:		<none>
Headers:		Accept=*/*
				Content-Type=application/json; charset=UTF-8
Cookies:		<none>
Body:
{
    "author": {
        "id": 278,
        "firstName": "247a",
        "lastName": "908b",
        "country": "3d4c",
        "bio": "7e11c112-05ea-4d98-b3ec-4e6e5b52f70b",
        "authors": [
            
        ]
    }
}
Request method:	POST
Request path:	http://localhost:8080/librarytest-rest/books
Proxy:			<none>
Request params:	<none>
Query params:	<none>
Form params:	<none>
Path params:	<none>
Multiparts:		<none>
Headers:		Accept=*/*
				Content-Type=application/json; charset=UTF-8
Cookies:		<none>
Body:
{
    "book": {
        "id": 184,
        "description": "a36c",
        "isbn": "19c6",
        "nbrPages": 54,
        "publicationDate": "1991-12-07",
        "title": "4785",
        "totalNbrCopies": 278,
        "author": {
            "id": 278,
            "firstName": "247a",
            "lastName": "908b",
            "country": "3d4c",
            "bio": "7e11c112-05ea-4d98-b3ec-4e6e5b52f70b",
            "authors": [
                
            ]
        }
    }
}
Request method:	POST
Request path:	http://localhost:8080/librarytest-rest/authors
Proxy:			<none>
Request params:	<none>
Query params:	<none>
Form params:	<none>
Path params:	<none>
Multiparts:		<none>
Headers:		Accept=*/*
				Content-Type=application/json; charset=UTF-8
Cookies:		<none>
Body:
{
    "author": {
        "id": 255,
        "firstName": "2fcb",
        "lastName": "dba5",
        "country": "765e",
        "bio": "25cb0e88-e03b-47b4-80ec-d2c88473fa67",
        "authors": [
            
        ]
    }
}
]]></system-out>
  </testcase>
</testsuite>