<?xml version="1.0" encoding="UTF-8"?>
<testsuite name="se.nackademin.librarytest.librarytestsystem.librarytestsystem.LoanRestServiceTest" time="2.406" tests="9" errors="0" skipped="1" failures="4">
  <properties>
[...]
</properties>
  <testcase name="testGetLoanWithSpicifiedID" classname="se.nackademin.librarytest.librarytestsystem.librarytestsystem.LoanRestServiceTest" time="1.658">
    <failure message="Status code should be 201  expected:&lt;201&gt; but was:&lt;400&gt;" type="java.lang.AssertionError"><![CDATA[java.lang.AssertionError: Status code should be 201  expected:<201> but was:<400>
	at org.junit.Assert.fail(Assert.java:88)
	at org.junit.Assert.failNotEquals(Assert.java:834)
	at org.junit.Assert.assertEquals(Assert.java:645)
	at se.nackademin.librarytest.librarytestsystem.librarytestsystem.LoanRestServiceTest.testGetLoanWithSpicifiedID(LoanRestServiceTest.java:138)
]]></failure>
    <system-out><![CDATA[Request method:	POST
Request path:	http://localhost:8080/librarytest-rest/users/
Proxy:			<none>
Request params:	<none>
Query params:	<none>
Form params:	<none>
Path params:	<none>
Multiparts:		<none>
Headers:		Accept=*/*
				Content-Type=application/json; charset=UTF-8
Cookies:		<none>
Body:
{
    "user": {
        "displayName": "646b",
        "password": "5740",
        "role": "LOANER",
        "firstName": "646b",
        "lastName": "c980",
        "phone": "f2e1",
        "email": "1019",
        "id": 252
    }
}
]]></system-out>
  </testcase>
  <testcase name="testGetAllaLoan" classname="se.nackademin.librarytest.librarytestsystem.librarytestsystem.LoanRestServiceTest" time="0.056"/>
  <testcase name="testDeleateLoan" classname="se.nackademin.librarytest.librarytestsystem.librarytestsystem.LoanRestServiceTest" time="0">
    <skipped/>
  </testcase>
  <testcase name="testUpdateLoanWithNewData" classname="se.nackademin.librarytest.librarytestsystem.librarytestsystem.LoanRestServiceTest" time="0.031">
    <failure message="Status code should be 201  expected:&lt;201&gt; but was:&lt;400&gt;" type="java.lang.AssertionError"><![CDATA[java.lang.AssertionError: Status code should be 201  expected:<201> but was:<400>
	at org.junit.Assert.fail(Assert.java:88)
	at org.junit.Assert.failNotEquals(Assert.java:834)
	at org.junit.Assert.assertEquals(Assert.java:645)
	at se.nackademin.librarytest.librarytestsystem.librarytestsystem.LoanRestServiceTest.testUpdateLoanWithNewData(LoanRestServiceTest.java:91)
]]></failure>
    <system-out><![CDATA[Request method:	POST
Request path:	http://localhost:8080/librarytest-rest/users/
Proxy:			<none>
Request params:	<none>
Query params:	<none>
Form params:	<none>
Path params:	<none>
Multiparts:		<none>
Headers:		Accept=*/*
				Content-Type=application/json; charset=UTF-8
Cookies:		<none>
Body:
{
    "user": {
        "displayName": "acc9",
        "password": "d2fc",
        "role": "LOANER",
        "firstName": "acc9",
        "lastName": "a50d",
        "phone": "a33e",
        "email": "c5f8",
        "id": 246
    }
}
]]></system-out>
  </testcase>
  <testcase name="testGetLoanoOfSpecifiedBookBySpecifiedUser" classname="se.nackademin.librarytest.librarytestsystem.librarytestsystem.LoanRestServiceTest" time="0.034">
    <failure message="Status code should be 201  expected:&lt;201&gt; but was:&lt;400&gt;" type="java.lang.AssertionError"><![CDATA[java.lang.AssertionError: Status code should be 201  expected:<201> but was:<400>
	at org.junit.Assert.fail(Assert.java:88)
	at org.junit.Assert.failNotEquals(Assert.java:834)
	at org.junit.Assert.assertEquals(Assert.java:645)
	at se.nackademin.librarytest.librarytestsystem.librarytestsystem.BookRestServiceTest.createBook(BookRestServiceTest.java:258)
	at se.nackademin.librarytest.librarytestsystem.librarytestsystem.LoanRestServiceTest.testGetLoanoOfSpecifiedBookBySpecifiedUser(LoanRestServiceTest.java:308)
]]></failure>
    <system-out><![CDATA[Request method:	POST
Request path:	http://localhost:8080/librarytest-rest/authors
Proxy:			<none>
Request params:	<none>
Query params:	<none>
Form params:	<none>
Path params:	<none>
Multiparts:		<none>
Headers:		Accept=*/*
				Content-Type=application/json; charset=UTF-8
Cookies:		<none>
Body:
{
    "author": {
        "id": 89,
        "firstName": "aa2a",
        "lastName": "47f5",
        "country": "7607",
        "bio": "bf9a72ac-7fff-47b5-8a79-643e1f826240",
        "authors": [
            
        ]
    }
}
]]></system-out>
  </testcase>
  <testcase name="testDeleteWithSpicifiedID" classname="se.nackademin.librarytest.librarytestsystem.librarytestsystem.LoanRestServiceTest" time="0.163"/>
  <testcase name="testCreateloan" classname="se.nackademin.librarytest.librarytestsystem.librarytestsystem.LoanRestServiceTest" time="0.083"/>
  <testcase name="testGetAllLoansOfTheSpecifiedBook" classname="se.nackademin.librarytest.librarytestsystem.librarytestsystem.LoanRestServiceTest" time="0.208">
    <failure message="Status code should be 201 expected:&lt;201&gt; but was:&lt;409&gt;" type="java.lang.AssertionError"><![CDATA[java.lang.AssertionError: Status code should be 201 expected:<201> but was:<409>
	at org.junit.Assert.fail(Assert.java:88)
	at org.junit.Assert.failNotEquals(Assert.java:834)
	at org.junit.Assert.assertEquals(Assert.java:645)
	at se.nackademin.librarytest.librarytestsystem.librarytestsystem.LoanRestServiceTest.testGetAllLoansOfTheSpecifiedBook(LoanRestServiceTest.java:293)
]]></failure>
    <system-out><![CDATA[Request method:	POST
Request path:	http://localhost:8080/librarytest-rest/users/
Proxy:			<none>
Request params:	<none>
Query params:	<none>
Form params:	<none>
Path params:	<none>
Multiparts:		<none>
Headers:		Accept=*/*
				Content-Type=application/json; charset=UTF-8
Cookies:		<none>
Body:
{
    "user": {
        "displayName": "304d",
        "password": "ad89",
        "role": "LOANER",
        "firstName": "304d",
        "lastName": "910c",
        "phone": "c21c",
        "email": "0663",
        "id": 215
    }
}
Request method:	POST
Request path:	http://localhost:8080/librarytest-rest/users/
Proxy:			<none>
Request params:	<none>
Query params:	<none>
Form params:	<none>
Path params:	<none>
Multiparts:		<none>
Headers:		Accept=*/*
				Content-Type=application/json; charset=UTF-8
Cookies:		<none>
Body:
{
    "user": {
        "displayName": "be91",
        "password": "8f03",
        "role": "LOANER",
        "firstName": "be91",
        "lastName": "b4c6",
        "phone": "c6c4",
        "email": "b386",
        "id": 62
    }
}
Request method:	POST
Request path:	http://localhost:8080/librarytest-rest/authors
Proxy:			<none>
Request params:	<none>
Query params:	<none>
Form params:	<none>
Path params:	<none>
Multiparts:		<none>
Headers:		Accept=*/*
				Content-Type=application/json; charset=UTF-8
Cookies:		<none>
Body:
{
    "author": {
        "id": 219,
        "firstName": "3ed6",
        "lastName": "fe7a",
        "country": "9c93",
        "bio": "441a6848-4864-47de-b1a8-bec48f049b5c",
        "authors": [
            
        ]
    }
}
Request method:	POST
Request path:	http://localhost:8080/librarytest-rest/books
Proxy:			<none>
Request params:	<none>
Query params:	<none>
Form params:	<none>
Path params:	<none>
Multiparts:		<none>
Headers:		Accept=*/*
				Content-Type=application/json; charset=UTF-8
Cookies:		<none>
Body:
{
    "book": {
        "id": 212,
        "description": "b9c3",
        "isbn": "7c5d",
        "nbrPages": 235,
        "publicationDate": "1995-04-02",
        "title": "20b9",
        "totalNbrCopies": 108,
        "author": {
            "id": 219,
            "firstName": "3ed6",
            "lastName": "fe7a",
            "country": "9c93",
            "bio": "441a6848-4864-47de-b1a8-bec48f049b5c",
            "authors": [
                
            ]
        }
    }
}
Request method:	POST
Request path:	http://localhost:8080/librarytest-rest/loans
Proxy:			<none>
Request params:	<none>
Query params:	<none>
Form params:	<none>
Path params:	<none>
Multiparts:		<none>
Headers:		Accept=*/*
				Content-Type=application/json; charset=UTF-8
Cookies:		<none>
Body:
{
    "loan": {
        "book": {
            "id": 212,
            "description": "b9c3",
            "isbn": "7c5d",
            "nbrPages": 235,
            "publicationDate": "1995-04-02",
            "title": "20b9",
            "totalNbrCopies": 108,
            "author": {
                "id": 219,
                "firstName": "3ed6",
                "lastName": "fe7a",
                "country": "9c93",
                "bio": "441a6848-4864-47de-b1a8-bec48f049b5c",
                "authors": [
                    
                ]
            }
        },
        "user": {
            "displayName": "304d",
            "password": "ad89",
            "role": "LOANER",
            "firstName": "304d",
            "lastName": "910c",
            "phone": "c21c",
            "email": "0663",
            "id": 215
        },
        "dateBorrowed": "1993-06-19",
        "dateDue": "1996-07-2",
        "id": 283
    }
}
new loan är skapad 201
Request method:	POST
Request path:	http://localhost:8080/librarytest-rest/loans
Proxy:			<none>
Request params:	<none>
Query params:	<none>
Form params:	<none>
Path params:	<none>
Multiparts:		<none>
Headers:		Accept=*/*
				Content-Type=application/json; charset=UTF-8
Cookies:		<none>
Body:
{
    "loan": {
        "book": {
            "id": 212,
            "description": "b9c3",
            "isbn": "7c5d",
            "nbrPages": 235,
            "publicationDate": "1995-04-02",
            "title": "20b9",
            "totalNbrCopies": 108,
            "author": {
                "id": 219,
                "firstName": "3ed6",
                "lastName": "fe7a",
                "country": "9c93",
                "bio": "441a6848-4864-47de-b1a8-bec48f049b5c",
                "authors": [
                    
                ]
            }
        },
        "user": {
            "displayName": "be91",
            "password": "8f03",
            "role": "LOANER",
            "firstName": "be91",
            "lastName": "b4c6",
            "phone": "c6c4",
            "email": "b386",
            "id": 62
        },
        "dateBorrowed": "1993-06-19",
        "dateDue": "1996-07-2",
        "id": 283
    }
}
new loan är skapad 409
]]></system-out>
  </testcase>
  <testcase name="testGetAllLoansOfTheSpecifiedUser" classname="se.nackademin.librarytest.librarytestsystem.librarytestsystem.LoanRestServiceTest" time="0.173"/>
</testsuite>