<?xml version="1.0" encoding="UTF-8"?>
<testsuite name="se.nackademin.librarytest.librarytestsystem.librarytestsystem.NegatirvUserRestServiceTest" time="1.199" tests="12" errors="0" skipped="0" failures="2">
  <properties>
[...]
</properties>
  <testcase name="testCreateUserWithNoRole_StusCode400" classname="se.nackademin.librarytest.librarytestsystem.librarytestsystem.NegatirvUserRestServiceTest" time="0.042"/>
  <testcase name="testUpdateUserDisplayNameWhichExistInDB_StusCode400" classname="se.nackademin.librarytest.librarytestsystem.librarytestsystem.NegatirvUserRestServiceTest" time="0.699"/>
  <testcase name="testUpdateUserWhichNoExistInDB_StatusCode404" classname="se.nackademin.librarytest.librarytestsystem.librarytestsystem.NegatirvUserRestServiceTest" time="0.012"/>
  <testcase name="testDeleteUserWithSpecifiedIdNotFound_StatusCode404" classname="se.nackademin.librarytest.librarytestsystem.librarytestsystem.NegatirvUserRestServiceTest" time="0.018"/>
  <testcase name="testCreateUserWithNoPassword_StusCode400" classname="se.nackademin.librarytest.librarytestsystem.librarytestsystem.NegatirvUserRestServiceTest" time="0.055"/>
  <testcase name="testCreateUserWithNoDisplayName_StusCode400" classname="se.nackademin.librarytest.librarytestsystem.librarytestsystem.NegatirvUserRestServiceTest" time="0.018"/>
  <testcase name="testUpdateUserWithNoPassword_StusCode400" classname="se.nackademin.librarytest.librarytestsystem.librarytestsystem.NegatirvUserRestServiceTest" time="0.057"/>
  <testcase name="testUpdateUserWithNoRole_StusCode400" classname="se.nackademin.librarytest.librarytestsystem.librarytestsystem.NegatirvUserRestServiceTest" time="0.014">
    <failure message="A new user är skapat expected:&lt;201&gt; but was:&lt;400&gt;" type="java.lang.AssertionError"><![CDATA[java.lang.AssertionError: A new user är skapat expected:<201> but was:<400>
	at org.junit.Assert.fail(Assert.java:88)
	at org.junit.Assert.failNotEquals(Assert.java:834)
	at org.junit.Assert.assertEquals(Assert.java:645)
	at se.nackademin.librarytest.librarytestsystem.librarytestsystem.NegatirvUserRestServiceTest.testUpdateUserWithNoRole_StusCode400(NegatirvUserRestServiceTest.java:218)
]]></failure>
    <system-out><![CDATA[Request method:	POST
Request path:	http://localhost:8080/librarytest-rest/users/
Proxy:			<none>
Request params:	<none>
Query params:	<none>
Form params:	<none>
Path params:	<none>
Multiparts:		<none>
Headers:		Accept=*/*
				Content-Type=application/json; charset=UTF-8
Cookies:		<none>
Body:
{
    "user": {
        "displayName": "157b",
        "password": "d61c",
        "role": "LOANER",
        "firstName": "157b",
        "lastName": "d9bf",
        "phone": "db15",
        "email": "d37a",
        "id": 226
    }
}
]]></system-out>
  </testcase>
  <testcase name="testCreateUserWithIDInDB_StusCode400" classname="se.nackademin.librarytest.librarytestsystem.librarytestsystem.NegatirvUserRestServiceTest" time="0.115"/>
  <testcase name="testUpdateUserWithNoDisplayName_StusCode400" classname="se.nackademin.librarytest.librarytestsystem.librarytestsystem.NegatirvUserRestServiceTest" time="0.03"/>
  <testcase name="testGetUserWithSpecifiedIdNotFound_StatusCode404" classname="se.nackademin.librarytest.librarytestsystem.librarytestsystem.NegatirvUserRestServiceTest" time="0.009">
    <failure message="Status code should be 404 expected:&lt;404&gt; but was:&lt;200&gt;" type="java.lang.AssertionError"><![CDATA[java.lang.AssertionError: Status code should be 404 expected:<404> but was:<200>
	at org.junit.Assert.fail(Assert.java:88)
	at org.junit.Assert.failNotEquals(Assert.java:834)
	at org.junit.Assert.assertEquals(Assert.java:645)
	at se.nackademin.librarytest.librarytestsystem.librarytestsystem.NegatirvUserRestServiceTest.testGetUserWithSpecifiedIdNotFound_StatusCode404(NegatirvUserRestServiceTest.java:291)
]]></failure>
    <system-out><![CDATA[Request method:	GET
Request path:	http://localhost:8080/librarytest-rest/users/115
Proxy:			<none>
Request params:	<none>
Query params:	<none>
Form params:	<none>
Path params:	<none>
Multiparts:		<none>
Headers:		Accept=application/json, application/javascript, text/javascript
Cookies:		<none>
Body:			<none>
HTTP/1.1 200 OK
Server: Apache-Coyote/1.1
Content-Type: application/json
Transfer-Encoding: chunked
Date: Sat, 17 Jun 2017 16:18:21 GMT

{
    "user": {
        "id": 115,
        "displayName": 8168,
        "email": "765d",
        "firstName": 8168,
        "lastName": "f89f",
        "password": "2ddd",
        "phone": "131d",
        "role": "LOANER"
    }
}
]]></system-out>
  </testcase>
  <testcase name="testCreateUserDisplayNameWhichExistInDB_StusCode400" classname="se.nackademin.librarytest.librarytestsystem.librarytestsystem.NegatirvUserRestServiceTest" time="0.13"/>
</testsuite>